2019-10-31 08:15:06,514 [INFO] -----------------------Starting build-----------------------
2019-10-31 08:15:06,521 [INFO] Running configSets: _OnInstanceBoot
2019-10-31 08:15:06,524 [INFO] Running configSet _OnInstanceBoot
2019-10-31 08:15:06,529 [INFO] Running config AWSEBBaseConfig
2019-10-31 08:15:06,534 [INFO] Command clearbackupfiles succeeded
2019-10-31 08:15:06,540 [INFO] Running config AWSEBMessageOfTheDay
2019-10-31 08:15:06,545 [INFO] Command 01clearoriginal succeeded
2019-10-31 08:15:06,549 [INFO] Command 02createbanner succeeded
2019-10-31 08:15:06,561 [INFO] Command 03updatebanner succeeded
2019-10-31 08:15:06,567 [INFO] Running config AWSEBULimitConfig
2019-10-31 08:15:06,571 [INFO] Command 00removebackup succeeded
2019-10-31 08:15:06,578 [INFO] Running config Infra-InstallContainerHooksPkg
2019-10-31 08:15:06,581 [INFO] Command 00mkdir succeeded
2019-10-31 08:15:06,622 [INFO] Command 01download_container_hooks succeeded
2019-10-31 08:15:06,630 [INFO] Command 02install_container_hooks succeeded
2019-10-31 08:15:06,633 [INFO] Command 03cleanup succeeded
2019-10-31 08:15:06,638 [INFO] Running config Infra-WriteLeaderTestScript
2019-10-31 08:15:06,643 [INFO] Running config Infra-WriteTailLogsConf
2019-10-31 08:15:06,648 [INFO] Running config Infra-WriteSystemTailLogsConf
2019-10-31 08:15:06,654 [INFO] Running config Infra-WriteBundleLogsConf
2019-10-31 08:15:06,659 [INFO] Running config Infra-WritePublishLogsConf
2019-10-31 08:15:06,662 [INFO] Running config Infra-WritePublishLogsCron
2019-10-31 08:15:06,664 [INFO] ConfigSets completed
2019-10-31 08:15:06,664 [INFO] -----------------------Build complete-----------------------
2019-10-31 08:15:49,634 [INFO] -----------------------Starting build-----------------------
2019-10-31 08:15:49,641 [INFO] Running configSets: Infra-EmbeddedPreBuild
2019-10-31 08:15:49,644 [INFO] Running configSet Infra-EmbeddedPreBuild
2019-10-31 08:15:49,645 [INFO] ConfigSets completed
2019-10-31 08:15:49,645 [INFO] -----------------------Build complete-----------------------
2019-10-31 08:15:51,248 [INFO] -----------------------Starting build-----------------------
2019-10-31 08:15:51,255 [INFO] Running configSets: Infra-EmbeddedPostBuild
2019-10-31 08:15:51,258 [INFO] Running configSet Infra-EmbeddedPostBuild
2019-10-31 08:15:51,259 [INFO] ConfigSets completed
2019-10-31 08:15:51,259 [INFO] -----------------------Build complete-----------------------
