2019-10-31 08:15:06,524 P2774 [INFO] ************************************************************
2019-10-31 08:15:06,525 P2774 [INFO] ConfigSet _OnInstanceBoot
2019-10-31 08:15:06,529 P2774 [INFO] ++++++++++++++++++++++++++++++++++++++++++++++++++++++++++++
2019-10-31 08:15:06,529 P2774 [INFO] Config AWSEBBaseConfig
2019-10-31 08:15:06,531 P2774 [INFO] ============================================================
2019-10-31 08:15:06,531 P2774 [INFO] Command clearbackupfiles
2019-10-31 08:15:06,534 P2774 [INFO] Completed successfully.
2019-10-31 08:15:06,540 P2774 [INFO] ++++++++++++++++++++++++++++++++++++++++++++++++++++++++++++
2019-10-31 08:15:06,540 P2774 [INFO] Config AWSEBMessageOfTheDay
2019-10-31 08:15:06,541 P2774 [INFO] ============================================================
2019-10-31 08:15:06,541 P2774 [INFO] Command 01clearoriginal
2019-10-31 08:15:06,544 P2774 [INFO] Completed successfully.
2019-10-31 08:15:06,545 P2774 [INFO] ============================================================
2019-10-31 08:15:06,545 P2774 [INFO] Command 02createbanner
2019-10-31 08:15:06,549 P2774 [INFO] Completed successfully.
2019-10-31 08:15:06,549 P2774 [INFO] ============================================================
2019-10-31 08:15:06,549 P2774 [INFO] Command 03updatebanner
2019-10-31 08:15:06,561 P2774 [INFO] Completed successfully.
2019-10-31 08:15:06,567 P2774 [INFO] ++++++++++++++++++++++++++++++++++++++++++++++++++++++++++++
2019-10-31 08:15:06,567 P2774 [INFO] Config AWSEBULimitConfig
2019-10-31 08:15:06,568 P2774 [INFO] ============================================================
2019-10-31 08:15:06,568 P2774 [INFO] Command 00removebackup
2019-10-31 08:15:06,571 P2774 [INFO] Completed successfully.
2019-10-31 08:15:06,578 P2774 [INFO] ++++++++++++++++++++++++++++++++++++++++++++++++++++++++++++
2019-10-31 08:15:06,578 P2774 [INFO] Config Infra-InstallContainerHooksPkg
2019-10-31 08:15:06,578 P2774 [INFO] ============================================================
2019-10-31 08:15:06,578 P2774 [INFO] Command 00mkdir
2019-10-31 08:15:06,581 P2774 [INFO] Completed successfully.
2019-10-31 08:15:06,582 P2774 [INFO] ============================================================
2019-10-31 08:15:06,582 P2774 [INFO] Command 01download_container_hooks
2019-10-31 08:15:06,622 P2774 [INFO] Completed successfully.
2019-10-31 08:15:06,622 P2774 [INFO] ============================================================
2019-10-31 08:15:06,622 P2774 [INFO] Command 02install_container_hooks
2019-10-31 08:15:06,630 P2774 [INFO] Completed successfully.
2019-10-31 08:15:06,630 P2774 [INFO] ============================================================
2019-10-31 08:15:06,630 P2774 [INFO] Command 03cleanup
2019-10-31 08:15:06,633 P2774 [INFO] Completed successfully.
2019-10-31 08:15:06,638 P2774 [INFO] ++++++++++++++++++++++++++++++++++++++++++++++++++++++++++++
2019-10-31 08:15:06,639 P2774 [INFO] Config Infra-WriteLeaderTestScript
2019-10-31 08:15:06,644 P2774 [INFO] ++++++++++++++++++++++++++++++++++++++++++++++++++++++++++++
2019-10-31 08:15:06,644 P2774 [INFO] Config Infra-WriteTailLogsConf
2019-10-31 08:15:06,649 P2774 [INFO] ++++++++++++++++++++++++++++++++++++++++++++++++++++++++++++
2019-10-31 08:15:06,649 P2774 [INFO] Config Infra-WriteSystemTailLogsConf
2019-10-31 08:15:06,654 P2774 [INFO] ++++++++++++++++++++++++++++++++++++++++++++++++++++++++++++
2019-10-31 08:15:06,654 P2774 [INFO] Config Infra-WriteBundleLogsConf
2019-10-31 08:15:06,659 P2774 [INFO] ++++++++++++++++++++++++++++++++++++++++++++++++++++++++++++
2019-10-31 08:15:06,659 P2774 [INFO] Config Infra-WritePublishLogsConf
2019-10-31 08:15:06,663 P2774 [INFO] ++++++++++++++++++++++++++++++++++++++++++++++++++++++++++++
2019-10-31 08:15:06,663 P2774 [INFO] Config Infra-WritePublishLogsCron
2019-10-31 08:15:49,644 P3077 [INFO] ************************************************************
2019-10-31 08:15:49,645 P3077 [INFO] ConfigSet Infra-EmbeddedPreBuild
2019-10-31 08:15:51,258 P3124 [INFO] ************************************************************
2019-10-31 08:15:51,259 P3124 [INFO] ConfigSet Infra-EmbeddedPostBuild
