[2019-10-31T08:15:07.758Z] DEBUG [2847]  : Reading config file: /etc/elasticbeanstalk/.aws-eb-stack.properties
[2019-10-31T08:15:07.758Z] DEBUG [2847]  : Checking if the command processor should execute...
[2019-10-31T08:15:07.766Z] DEBUG [2847]  : Checking whether the command is applicable to instance (i-053ac00382fbeab6a)..
[2019-10-31T08:15:07.766Z] INFO  [2847]  : Command is applicable to this instance (i-053ac00382fbeab6a)..
[2019-10-31T08:15:07.766Z] DEBUG [2847]  : Checking if the received command stage is valid..
[2019-10-31T08:15:07.766Z] INFO  [2847]  : No stage_num in command. Valid stage..
[2019-10-31T08:15:07.766Z] INFO  [2847]  : Received command CMD-PreInit: {"api_version"=>"1.0", "request_id"=>"0", "command_name"=>"CMD-PreInit"}
[2019-10-31T08:15:07.766Z] INFO  [2847]  : Command processor should execute command.
[2019-10-31T08:15:07.766Z] DEBUG [2847]  : Storing current stage..
[2019-10-31T08:15:07.766Z] DEBUG [2847]  : Stage_num does not exist. Not saving null stage. Returning..
[2019-10-31T08:15:07.766Z] DEBUG [2847]  : Reading config file: /etc/elasticbeanstalk/.aws-eb-stack.properties
[2019-10-31T08:15:07.766Z] DEBUG [2847]  : Retrieving metadata for key: AWS::ElasticBeanstalk::Ext||_ContainerConfigFileContent||commands..
[2019-10-31T08:15:07.767Z] DEBUG [2847]  : Retrieving metadata for key: AWS::ElasticBeanstalk::Ext||_API||_Commands..
[2019-10-31T08:15:07.768Z] INFO  [2847]  : Found enabled addons: ["logpublish", "logstreaming"].
[2019-10-31T08:15:07.769Z] INFO  [2847]  : Updating Command definition of addon logpublish.
[2019-10-31T08:15:07.769Z] INFO  [2847]  : Updating Command definition of addon logstreaming.
[2019-10-31T08:15:07.769Z] DEBUG [2847]  : Refreshing metadata...
[2019-10-31T08:15:07.769Z] DEBUG [2847]  : Using cached environment metadata.
[2019-10-31T08:15:07.770Z] INFO  [2847]  : Recreated directory /opt/elasticbeanstalk/deploy/configuration/.
[2019-10-31T08:15:07.770Z] DEBUG [2847]  : Retrieving metadata for key: AWS::ElasticBeanstalk::Ext||_AppSourceUrlFileContent||url..
[2019-10-31T08:15:07.770Z] INFO  [2847]  : Created appsource url file at /opt/elasticbeanstalk/deploy/configuration/appsourceurl.
[2019-10-31T08:15:07.770Z] DEBUG [2847]  : Retrieving metadata for key: AWS::ElasticBeanstalk::Ext||_ContainerConfigFileContent..
[2019-10-31T08:15:07.771Z] INFO  [2847]  : Created container config file at /opt/elasticbeanstalk/deploy/configuration/containerconfiguration.
[2019-10-31T08:15:07.771Z] DEBUG [2847]  : Retrieving metadata for key: AWS::ElasticBeanstalk::Ext||_ContainerConfigFileContent||commands..
[2019-10-31T08:15:07.776Z] DEBUG [2847]  : Retrieving metadata for key: AWS::ElasticBeanstalk::Ext||_API||_Commands..
[2019-10-31T08:15:07.777Z] INFO  [2847]  : Found enabled addons: ["logpublish", "logstreaming"].
[2019-10-31T08:15:07.778Z] INFO  [2847]  : Updating Command definition of addon logpublish.
[2019-10-31T08:15:07.778Z] INFO  [2847]  : Updating Command definition of addon logstreaming.
[2019-10-31T08:15:07.778Z] DEBUG [2847]  : Retrieving metadata for key: AWS::CloudFormation::Init||Infra-WriteApplication2||files..
[2019-10-31T08:15:07.778Z] DEBUG [2847]  : Retrieving metadata for key: AWS::ElasticBeanstalk::Ext||ManifestFileS3Key..
[2019-10-31T08:15:08.037Z] INFO  [2847]  : Finding latest manifest from bucket 'elasticbeanstalk-us-east-1-745453658083' with prefix 'resources/environments/e-8wmampmxnf/_runtime/versions/manifest_'.
[2019-10-31T08:15:08.201Z] INFO  [2847]  : Found manifest with key 'resources/environments/e-8wmampmxnf/_runtime/versions/manifest_1572509216159'.
[2019-10-31T08:15:08.234Z] INFO  [2847]  : Updated manifest cache: deployment ID 1 and serial 1.
[2019-10-31T08:15:08.234Z] DEBUG [2847]  : Loaded definition of Command CMD-PreInit.
[2019-10-31T08:15:08.234Z] INFO  [2847]  : Executing Initialization
[2019-10-31T08:15:08.234Z] INFO  [2847]  : Executing command: CMD-PreInit...
[2019-10-31T08:15:08.235Z] INFO  [2847]  : Executing command CMD-PreInit activities...
[2019-10-31T08:15:08.235Z] DEBUG [2847]  : Setting environment variables..
[2019-10-31T08:15:08.235Z] INFO  [2847]  : Running AddonsBefore for command CMD-PreInit...
[2019-10-31T08:15:10.553Z] DEBUG [2847]  : Running stages of Command CMD-PreInit from stage 0 to stage 0...
[2019-10-31T08:15:10.553Z] INFO  [2847]  : Running stage 0 of command CMD-PreInit...
[2019-10-31T08:15:10.553Z] DEBUG [2847]  : Loaded 2 actions for stage 0.
[2019-10-31T08:15:10.553Z] INFO  [2847]  : Running 1 of 2 actions: DownloadSourceBundle...
[2019-10-31T08:15:11.456Z] INFO  [2847]  : Running 2 of 2 actions: PreInitHook...
[2019-10-31T08:15:11.850Z] INFO  [2847]  : Running AddonsAfter for command CMD-PreInit...
[2019-10-31T08:15:11.850Z] INFO  [2847]  : Command CMD-PreInit succeeded!
[2019-10-31T08:15:11.850Z] INFO  [2847]  : Command processor returning results: 
{"status":"SUCCESS","api_version":"1.0","results":[{"status":"SUCCESS","msg":"","returncode":0,"events":[]}]}
[2019-10-31T08:15:48.397Z] DEBUG [3040]  : Reading config file: /etc/elasticbeanstalk/.aws-eb-stack.properties
[2019-10-31T08:15:48.397Z] DEBUG [3040]  : Checking if the command processor should execute...
[2019-10-31T08:15:48.399Z] DEBUG [3040]  : Checking whether the command is applicable to instance (i-053ac00382fbeab6a)..
[2019-10-31T08:15:48.399Z] INFO  [3040]  : Command is applicable to this instance (i-053ac00382fbeab6a)..
[2019-10-31T08:15:48.399Z] DEBUG [3040]  : Checking if the received command stage is valid..
[2019-10-31T08:15:48.399Z] INFO  [3040]  : No stage_num in command. Valid stage..
[2019-10-31T08:15:48.400Z] INFO  [3040]  : Received command CMD-Startup: {"execution_data"=>"{\"leader_election\":\"true\"}", "instance_ids"=>["i-053ac00382fbeab6a"], "command_name"=>"CMD-Startup", "api_version"=>"1.0", "resource_name"=>"AWSEBAutoScalingGroup", "request_id"=>"60ccf7df-90f5-41a7-971e-954d8f5c6bc1"}
[2019-10-31T08:15:48.400Z] INFO  [3040]  : Command processor should execute command.
[2019-10-31T08:15:48.400Z] DEBUG [3040]  : Storing current stage..
[2019-10-31T08:15:48.400Z] DEBUG [3040]  : Stage_num does not exist. Not saving null stage. Returning..
[2019-10-31T08:15:48.400Z] DEBUG [3040]  : Reading config file: /etc/elasticbeanstalk/.aws-eb-stack.properties
[2019-10-31T08:15:48.400Z] DEBUG [3040]  : Retrieving metadata for key: AWS::ElasticBeanstalk::Ext||_ContainerConfigFileContent||commands..
[2019-10-31T08:15:48.400Z] DEBUG [3040]  : Retrieving metadata for key: AWS::ElasticBeanstalk::Ext||_API||_Commands..
[2019-10-31T08:15:48.401Z] INFO  [3040]  : Found enabled addons: ["logpublish", "logstreaming"].
[2019-10-31T08:15:48.402Z] INFO  [3040]  : Updating Command definition of addon logpublish.
[2019-10-31T08:15:48.402Z] INFO  [3040]  : Updating Command definition of addon logstreaming.
[2019-10-31T08:15:48.402Z] DEBUG [3040]  : Refreshing metadata...
[2019-10-31T08:15:48.804Z] DEBUG [3040]  : Refreshed environment metadata.
[2019-10-31T08:15:48.804Z] INFO  [3040]  : Recreated directory /opt/elasticbeanstalk/deploy/configuration/.
[2019-10-31T08:15:48.804Z] DEBUG [3040]  : Retrieving metadata for key: AWS::ElasticBeanstalk::Ext||_AppSourceUrlFileContent||url..
[2019-10-31T08:15:48.805Z] INFO  [3040]  : Created appsource url file at /opt/elasticbeanstalk/deploy/configuration/appsourceurl.
[2019-10-31T08:15:48.805Z] DEBUG [3040]  : Retrieving metadata for key: AWS::ElasticBeanstalk::Ext||_ContainerConfigFileContent..
[2019-10-31T08:15:48.806Z] INFO  [3040]  : Created container config file at /opt/elasticbeanstalk/deploy/configuration/containerconfiguration.
[2019-10-31T08:15:48.806Z] DEBUG [3040]  : Retrieving metadata for key: AWS::ElasticBeanstalk::Ext||_ContainerConfigFileContent||commands..
[2019-10-31T08:15:48.807Z] DEBUG [3040]  : Retrieving metadata for key: AWS::ElasticBeanstalk::Ext||_API||_Commands..
[2019-10-31T08:15:48.808Z] INFO  [3040]  : Found enabled addons: ["logpublish", "logstreaming"].
[2019-10-31T08:15:48.809Z] INFO  [3040]  : Updating Command definition of addon logpublish.
[2019-10-31T08:15:48.809Z] INFO  [3040]  : Updating Command definition of addon logstreaming.
[2019-10-31T08:15:48.809Z] DEBUG [3040]  : Loaded definition of Command CMD-Startup.
[2019-10-31T08:15:48.809Z] INFO  [3040]  : Executing Application deployment
[2019-10-31T08:15:48.810Z] INFO  [3040]  : Executing command: CMD-Startup...
[2019-10-31T08:15:48.810Z] INFO  [3040]  : Executing command CMD-Startup activities...
[2019-10-31T08:15:48.810Z] DEBUG [3040]  : Setting environment variables..
[2019-10-31T08:15:48.810Z] INFO  [3040]  : Running AddonsBefore for command CMD-Startup...
[2019-10-31T08:15:48.936Z] DEBUG [3040]  : Running stages of Command CMD-Startup from stage 0 to stage 1...
[2019-10-31T08:15:48.936Z] INFO  [3040]  : Running stage 0 of command CMD-Startup...
[2019-10-31T08:15:48.936Z] INFO  [3040]  : Running leader election...
[2019-10-31T08:15:49.284Z] INFO  [3040]  : Instance is Leader.
[2019-10-31T08:15:49.284Z] DEBUG [3040]  : Loaded 7 actions for stage 0.
[2019-10-31T08:15:49.284Z] INFO  [3040]  : Running 1 of 7 actions: HealthdLogRotation...
[2019-10-31T08:15:49.290Z] INFO  [3040]  : Running 2 of 7 actions: HealthdHTTPDLogging...
[2019-10-31T08:15:49.290Z] INFO  [3040]  : Running 3 of 7 actions: HealthdNginxLogging...
[2019-10-31T08:15:49.290Z] INFO  [3040]  : Running 4 of 7 actions: EbExtensionPreBuild...
[2019-10-31T08:15:49.661Z] INFO  [3040]  : Running 5 of 7 actions: AppDeployPreHook...
[2019-10-31T08:15:50.908Z] INFO  [3040]  : Running 6 of 7 actions: EbExtensionPostBuild...
[2019-10-31T08:15:51.275Z] INFO  [3040]  : Running 7 of 7 actions: InfraCleanEbExtension...
[2019-10-31T08:15:51.276Z] INFO  [3040]  : Running stage 1 of command CMD-Startup...
[2019-10-31T08:15:51.276Z] DEBUG [3040]  : Loaded 3 actions for stage 1.
[2019-10-31T08:15:51.276Z] INFO  [3040]  : Running 1 of 3 actions: AppDeployEnactHook...
[2019-10-31T08:15:57.566Z] INFO  [3040]  : Running 2 of 3 actions: AppDeployPostHook...
[2019-10-31T08:15:57.566Z] INFO  [3040]  : Running 3 of 3 actions: PostInitHook...
[2019-10-31T08:15:57.567Z] INFO  [3040]  : Running AddonsAfter for command CMD-Startup...
[2019-10-31T08:15:58.057Z] INFO  [3040]  : Command CMD-Startup succeeded!
[2019-10-31T08:15:58.058Z] INFO  [3040]  : Command processor returning results: 
{"status":"SUCCESS","api_version":"1.0","results":[{"status":"SUCCESS","msg":"","returncode":0,"events":[]}]}
[2019-10-31T08:21:08.342Z] DEBUG [3500]  : Reading config file: /etc/elasticbeanstalk/.aws-eb-stack.properties
[2019-10-31T08:21:08.342Z] DEBUG [3500]  : Checking if the command processor should execute...
[2019-10-31T08:21:08.344Z] DEBUG [3500]  : Checking whether the command is applicable to instance (i-053ac00382fbeab6a)..
[2019-10-31T08:21:08.344Z] INFO  [3500]  : Command is applicable to this instance (i-053ac00382fbeab6a)..
[2019-10-31T08:21:08.344Z] DEBUG [3500]  : Checking if the received command stage is valid..
[2019-10-31T08:21:08.344Z] INFO  [3500]  : No stage_num in command. Valid stage..
[2019-10-31T08:21:08.344Z] INFO  [3500]  : Received command CMD-ConfigDeploy: {"instance_ids"=>["i-053ac00382fbeab6a"], "command_name"=>"CMD-ConfigDeploy", "api_version"=>"1.0", "resource_name"=>"AWSEBAutoScalingGroup", "request_id"=>"fac583a6-ec12-437f-bb53-05eda4ed1151"}
[2019-10-31T08:21:08.344Z] INFO  [3500]  : Command processor should execute command.
[2019-10-31T08:21:08.344Z] DEBUG [3500]  : Storing current stage..
[2019-10-31T08:21:08.344Z] DEBUG [3500]  : Stage_num does not exist. Not saving null stage. Returning..
[2019-10-31T08:21:08.344Z] DEBUG [3500]  : Reading config file: /etc/elasticbeanstalk/.aws-eb-stack.properties
[2019-10-31T08:21:08.344Z] DEBUG [3500]  : Retrieving metadata for key: AWS::ElasticBeanstalk::Ext||_ContainerConfigFileContent||commands..
[2019-10-31T08:21:08.345Z] DEBUG [3500]  : Retrieving metadata for key: AWS::ElasticBeanstalk::Ext||_API||_Commands..
[2019-10-31T08:21:08.346Z] INFO  [3500]  : Found enabled addons: ["logpublish", "logstreaming"].
[2019-10-31T08:21:08.347Z] INFO  [3500]  : Updating Command definition of addon logpublish.
[2019-10-31T08:21:08.347Z] INFO  [3500]  : Updating Command definition of addon logstreaming.
[2019-10-31T08:21:08.347Z] DEBUG [3500]  : Refreshing metadata...
[2019-10-31T08:21:08.753Z] DEBUG [3500]  : Refreshed environment metadata.
[2019-10-31T08:21:08.754Z] INFO  [3500]  : Recreated directory /opt/elasticbeanstalk/deploy/configuration/.
[2019-10-31T08:21:08.754Z] DEBUG [3500]  : Retrieving metadata for key: AWS::ElasticBeanstalk::Ext||_AppSourceUrlFileContent||url..
[2019-10-31T08:21:08.754Z] INFO  [3500]  : Created appsource url file at /opt/elasticbeanstalk/deploy/configuration/appsourceurl.
[2019-10-31T08:21:08.754Z] DEBUG [3500]  : Retrieving metadata for key: AWS::ElasticBeanstalk::Ext||_ContainerConfigFileContent..
[2019-10-31T08:21:08.755Z] INFO  [3500]  : Created container config file at /opt/elasticbeanstalk/deploy/configuration/containerconfiguration.
[2019-10-31T08:21:08.755Z] DEBUG [3500]  : Retrieving metadata for key: AWS::ElasticBeanstalk::Ext||_ContainerConfigFileContent||commands..
[2019-10-31T08:21:08.756Z] DEBUG [3500]  : Retrieving metadata for key: AWS::ElasticBeanstalk::Ext||_API||_Commands..
[2019-10-31T08:21:08.757Z] INFO  [3500]  : Found enabled addons: ["logpublish", "logstreaming"].
[2019-10-31T08:21:08.758Z] INFO  [3500]  : Updating Command definition of addon logpublish.
[2019-10-31T08:21:08.758Z] INFO  [3500]  : Updating Command definition of addon logstreaming.
[2019-10-31T08:21:08.758Z] DEBUG [3500]  : Retrieving metadata for key: AWS::CloudFormation::Init||Infra-WriteApplication2||files..
[2019-10-31T08:21:08.758Z] DEBUG [3500]  : Retrieving metadata for key: AWS::ElasticBeanstalk::Ext||ManifestFileS3Key..
[2019-10-31T08:21:08.857Z] INFO  [3500]  : Finding latest manifest from bucket 'elasticbeanstalk-us-east-1-745453658083' with prefix 'resources/environments/e-8wmampmxnf/_runtime/versions/manifest_'.
[2019-10-31T08:21:08.952Z] INFO  [3500]  : Found manifest with key 'resources/environments/e-8wmampmxnf/_runtime/versions/manifest_1572509970190'.
[2019-10-31T08:21:08.971Z] INFO  [3500]  : Updated manifest cache: deployment ID 2 and serial 2.
[2019-10-31T08:21:08.972Z] DEBUG [3500]  : Loaded definition of Command CMD-ConfigDeploy.
[2019-10-31T08:21:08.972Z] INFO  [3500]  : Executing Configuration update
[2019-10-31T08:21:08.972Z] INFO  [3500]  : Executing command: CMD-ConfigDeploy...
[2019-10-31T08:21:08.972Z] INFO  [3500]  : Executing command CMD-ConfigDeploy activities...
[2019-10-31T08:21:08.972Z] DEBUG [3500]  : Setting environment variables..
[2019-10-31T08:21:08.972Z] INFO  [3500]  : Running AddonsBefore for command CMD-ConfigDeploy...
[2019-10-31T08:21:09.100Z] DEBUG [3500]  : Running stages of Command CMD-ConfigDeploy from stage 0 to stage 1...
[2019-10-31T08:21:09.100Z] INFO  [3500]  : Running stage 0 of command CMD-ConfigDeploy...
[2019-10-31T08:21:09.100Z] DEBUG [3500]  : Loaded 1 actions for stage 0.
[2019-10-31T08:21:09.100Z] INFO  [3500]  : Running 1 of 1 actions: ConfigDeployPreHook...
[2019-10-31T08:21:10.165Z] INFO  [3500]  : Running stage 1 of command CMD-ConfigDeploy...
[2019-10-31T08:21:10.165Z] DEBUG [3500]  : Loaded 2 actions for stage 1.
[2019-10-31T08:21:10.165Z] INFO  [3500]  : Running 1 of 2 actions: ConfigDeployEnactHook...
[2019-10-31T08:21:16.571Z] INFO  [3500]  : Running 2 of 2 actions: ConfigDeployPostHook...
[2019-10-31T08:21:16.571Z] INFO  [3500]  : Running AddonsAfter for command CMD-ConfigDeploy...
[2019-10-31T08:21:17.127Z] INFO  [3500]  : Command CMD-ConfigDeploy succeeded!
[2019-10-31T08:21:17.127Z] INFO  [3500]  : Command processor returning results: 
{"status":"SUCCESS","api_version":"1.0","results":[{"status":"SUCCESS","msg":"","returncode":0,"events":[]}]}
[2019-10-31T08:28:06.346Z] DEBUG [5091]  : Reading config file: /etc/elasticbeanstalk/.aws-eb-stack.properties
[2019-10-31T08:28:06.346Z] DEBUG [5091]  : Checking if the command processor should execute...
[2019-10-31T08:28:06.354Z] DEBUG [5091]  : Checking whether the command is applicable to instance (i-053ac00382fbeab6a)..
[2019-10-31T08:28:06.354Z] INFO  [5091]  : Command is applicable to this instance (i-053ac00382fbeab6a)..
[2019-10-31T08:28:06.354Z] DEBUG [5091]  : Checking if the received command stage is valid..
[2019-10-31T08:28:06.354Z] INFO  [5091]  : No stage_num in command. Valid stage..
[2019-10-31T08:28:06.354Z] INFO  [5091]  : Received command CMD-ConfigDeploy: {"instance_ids"=>["i-053ac00382fbeab6a"], "command_name"=>"CMD-ConfigDeploy", "api_version"=>"1.0", "resource_name"=>"AWSEBAutoScalingGroup", "request_id"=>"5cceb366-92e6-41c4-97b0-1795caa4e075"}
[2019-10-31T08:28:06.354Z] INFO  [5091]  : Command processor should execute command.
[2019-10-31T08:28:06.354Z] DEBUG [5091]  : Storing current stage..
[2019-10-31T08:28:06.354Z] DEBUG [5091]  : Stage_num does not exist. Not saving null stage. Returning..
[2019-10-31T08:28:06.354Z] DEBUG [5091]  : Reading config file: /etc/elasticbeanstalk/.aws-eb-stack.properties
[2019-10-31T08:28:06.354Z] DEBUG [5091]  : Retrieving metadata for key: AWS::ElasticBeanstalk::Ext||_ContainerConfigFileContent||commands..
[2019-10-31T08:28:06.355Z] DEBUG [5091]  : Retrieving metadata for key: AWS::ElasticBeanstalk::Ext||_API||_Commands..
[2019-10-31T08:28:06.355Z] INFO  [5091]  : Found enabled addons: ["logpublish", "logstreaming"].
[2019-10-31T08:28:06.357Z] INFO  [5091]  : Updating Command definition of addon logpublish.
[2019-10-31T08:28:06.357Z] INFO  [5091]  : Updating Command definition of addon logstreaming.
[2019-10-31T08:28:06.357Z] DEBUG [5091]  : Refreshing metadata...
[2019-10-31T08:28:07.549Z] DEBUG [5091]  : Refreshed environment metadata.
[2019-10-31T08:28:07.549Z] INFO  [5091]  : Recreated directory /opt/elasticbeanstalk/deploy/configuration/.
[2019-10-31T08:28:07.549Z] DEBUG [5091]  : Retrieving metadata for key: AWS::ElasticBeanstalk::Ext||_AppSourceUrlFileContent||url..
[2019-10-31T08:28:07.550Z] INFO  [5091]  : Created appsource url file at /opt/elasticbeanstalk/deploy/configuration/appsourceurl.
[2019-10-31T08:28:07.550Z] DEBUG [5091]  : Retrieving metadata for key: AWS::ElasticBeanstalk::Ext||_ContainerConfigFileContent..
[2019-10-31T08:28:07.551Z] INFO  [5091]  : Created container config file at /opt/elasticbeanstalk/deploy/configuration/containerconfiguration.
[2019-10-31T08:28:07.551Z] DEBUG [5091]  : Retrieving metadata for key: AWS::ElasticBeanstalk::Ext||_ContainerConfigFileContent||commands..
[2019-10-31T08:28:07.552Z] DEBUG [5091]  : Retrieving metadata for key: AWS::ElasticBeanstalk::Ext||_API||_Commands..
[2019-10-31T08:28:07.553Z] INFO  [5091]  : Found enabled addons: ["logpublish", "logstreaming"].
[2019-10-31T08:28:07.560Z] INFO  [5091]  : Updating Command definition of addon logpublish.
[2019-10-31T08:28:07.560Z] INFO  [5091]  : Updating Command definition of addon logstreaming.
[2019-10-31T08:28:07.560Z] DEBUG [5091]  : Retrieving metadata for key: AWS::CloudFormation::Init||Infra-WriteApplication2||files..
[2019-10-31T08:28:07.561Z] DEBUG [5091]  : Retrieving metadata for key: AWS::ElasticBeanstalk::Ext||ManifestFileS3Key..
[2019-10-31T08:28:07.963Z] INFO  [5091]  : Finding latest manifest from bucket 'elasticbeanstalk-us-east-1-745453658083' with prefix 'resources/environments/e-8wmampmxnf/_runtime/versions/manifest_'.
[2019-10-31T08:28:08.214Z] INFO  [5091]  : Found manifest with key 'resources/environments/e-8wmampmxnf/_runtime/versions/manifest_1572510448970'.
[2019-10-31T08:28:08.238Z] INFO  [5091]  : Updated manifest cache: deployment ID 3 and serial 3.
[2019-10-31T08:28:08.238Z] DEBUG [5091]  : Loaded definition of Command CMD-ConfigDeploy.
[2019-10-31T08:28:08.239Z] INFO  [5091]  : Executing Configuration update
[2019-10-31T08:28:08.239Z] INFO  [5091]  : Executing command: CMD-ConfigDeploy...
[2019-10-31T08:28:08.239Z] INFO  [5091]  : Executing command CMD-ConfigDeploy activities...
[2019-10-31T08:28:08.239Z] DEBUG [5091]  : Setting environment variables..
[2019-10-31T08:28:08.239Z] INFO  [5091]  : Running AddonsBefore for command CMD-ConfigDeploy...
[2019-10-31T08:28:08.695Z] DEBUG [5091]  : Running stages of Command CMD-ConfigDeploy from stage 0 to stage 1...
[2019-10-31T08:28:08.695Z] INFO  [5091]  : Running stage 0 of command CMD-ConfigDeploy...
[2019-10-31T08:28:08.695Z] DEBUG [5091]  : Loaded 1 actions for stage 0.
[2019-10-31T08:28:08.695Z] INFO  [5091]  : Running 1 of 1 actions: ConfigDeployPreHook...
[2019-10-31T08:28:11.401Z] INFO  [5091]  : Running stage 1 of command CMD-ConfigDeploy...
[2019-10-31T08:28:11.401Z] DEBUG [5091]  : Loaded 2 actions for stage 1.
[2019-10-31T08:28:11.401Z] INFO  [5091]  : Running 1 of 2 actions: ConfigDeployEnactHook...
[2019-10-31T08:28:27.755Z] INFO  [5091]  : Running 2 of 2 actions: ConfigDeployPostHook...
[2019-10-31T08:28:27.755Z] INFO  [5091]  : Running AddonsAfter for command CMD-ConfigDeploy...
[2019-10-31T08:28:28.326Z] INFO  [5091]  : Command CMD-ConfigDeploy succeeded!
[2019-10-31T08:28:28.326Z] INFO  [5091]  : Command processor returning results: 
{"status":"SUCCESS","api_version":"1.0","results":[{"status":"SUCCESS","msg":"","returncode":0,"events":[]}]}
[2019-10-31T08:30:02.604Z] DEBUG [5461]  : Reading config file: /etc/elasticbeanstalk/.aws-eb-stack.properties
[2019-10-31T08:30:02.604Z] DEBUG [5461]  : Checking if the command processor should execute...
[2019-10-31T08:30:02.606Z] DEBUG [5461]  : Checking whether the command is applicable to instance (i-053ac00382fbeab6a)..
[2019-10-31T08:30:02.606Z] INFO  [5461]  : Command is applicable to this instance (i-053ac00382fbeab6a)..
[2019-10-31T08:30:02.606Z] DEBUG [5461]  : Checking if the received command stage is valid..
[2019-10-31T08:30:02.606Z] INFO  [5461]  : No stage_num in command. Valid stage..
[2019-10-31T08:30:02.606Z] INFO  [5461]  : Received command CMD-TailLogs: {"execution_data"=>"*", "instance_ids"=>["i-053ac00382fbeab6a"], "data"=>"e0ca16ec-433c-4487-bb9d-6a1e99e97ba8", "command_name"=>"CMD-TailLogs", "api_version"=>"1.0", "resource_name"=>"AWSEBAutoScalingGroup", "request_id"=>"e0ca16ec-433c-4487-bb9d-6a1e99e97ba8"}
[2019-10-31T08:30:02.606Z] INFO  [5461]  : Command processor should execute command.
[2019-10-31T08:30:02.606Z] DEBUG [5461]  : Storing current stage..
[2019-10-31T08:30:02.606Z] DEBUG [5461]  : Stage_num does not exist. Not saving null stage. Returning..
[2019-10-31T08:30:02.606Z] DEBUG [5461]  : Reading config file: /etc/elasticbeanstalk/.aws-eb-stack.properties
[2019-10-31T08:30:02.606Z] DEBUG [5461]  : Retrieving metadata for key: AWS::ElasticBeanstalk::Ext||_ContainerConfigFileContent||commands..
[2019-10-31T08:30:02.607Z] DEBUG [5461]  : Retrieving metadata for key: AWS::ElasticBeanstalk::Ext||_API||_Commands..
[2019-10-31T08:30:02.608Z] INFO  [5461]  : Found enabled addons: ["logpublish", "logstreaming"].
[2019-10-31T08:30:02.609Z] INFO  [5461]  : Updating Command definition of addon logpublish.
[2019-10-31T08:30:02.609Z] INFO  [5461]  : Updating Command definition of addon logstreaming.
[2019-10-31T08:30:02.609Z] DEBUG [5461]  : Loaded definition of Command CMD-TailLogs.
[2019-10-31T08:30:02.609Z] INFO  [5461]  : Executing CMD-TailLogs
[2019-10-31T08:30:02.609Z] INFO  [5461]  : Executing command: CMD-TailLogs...
[2019-10-31T08:30:02.609Z] INFO  [5461]  : Executing command CMD-TailLogs activities...
[2019-10-31T08:30:02.609Z] DEBUG [5461]  : Setting environment variables..
[2019-10-31T08:30:02.609Z] INFO  [5461]  : Running AddonsBefore for command CMD-TailLogs...
[2019-10-31T08:30:02.610Z] DEBUG [5461]  : Running stages of Command CMD-TailLogs from stage 0 to stage 0...
[2019-10-31T08:30:02.610Z] INFO  [5461]  : Running stage 0 of command CMD-TailLogs...
[2019-10-31T08:30:02.610Z] DEBUG [5461]  : Loaded 1 actions for stage 0.
[2019-10-31T08:30:02.610Z] INFO  [5461]  : Running 1 of 1 actions: TailLogs...
[2019-10-31T08:30:02.963Z] INFO  [5461]  : Running AddonsAfter for command CMD-TailLogs...
[2019-10-31T08:30:02.964Z] INFO  [5461]  : Command CMD-TailLogs succeeded!
[2019-10-31T08:30:02.964Z] INFO  [5461]  : Command processor returning results: 
{"status":"SUCCESS","api_version":"1.0","results":[{"status":"SUCCESS","msg":"","returncode":0,"events":[{"msg":"[Instance: i-053ac00382fbeab6a] Successfully finished tailing 6 log(s)","severity":"INFO","timestamp":1572510602964}]}]}
[2019-10-31T08:33:00.472Z] DEBUG [5542]  : Reading config file: /etc/elasticbeanstalk/.aws-eb-stack.properties
[2019-10-31T08:33:00.472Z] DEBUG [5542]  : Checking if the command processor should execute...
[2019-10-31T08:33:00.475Z] DEBUG [5542]  : Checking whether the command is applicable to instance (i-053ac00382fbeab6a)..
[2019-10-31T08:33:00.475Z] INFO  [5542]  : Command is applicable to this instance (i-053ac00382fbeab6a)..
[2019-10-31T08:33:00.475Z] DEBUG [5542]  : Checking if the received command stage is valid..
[2019-10-31T08:33:00.475Z] INFO  [5542]  : No stage_num in command. Valid stage..
[2019-10-31T08:33:00.475Z] INFO  [5542]  : Received command CMD-TailLogs: {"execution_data"=>"*", "instance_ids"=>["i-053ac00382fbeab6a"], "data"=>"a186ca00-b7ae-4b0d-8e73-f089aca3d88a", "command_name"=>"CMD-TailLogs", "api_version"=>"1.0", "resource_name"=>"AWSEBAutoScalingGroup", "request_id"=>"a186ca00-b7ae-4b0d-8e73-f089aca3d88a"}
[2019-10-31T08:33:00.475Z] INFO  [5542]  : Command processor should execute command.
[2019-10-31T08:33:00.475Z] DEBUG [5542]  : Storing current stage..
[2019-10-31T08:33:00.475Z] DEBUG [5542]  : Stage_num does not exist. Not saving null stage. Returning..
[2019-10-31T08:33:00.475Z] DEBUG [5542]  : Reading config file: /etc/elasticbeanstalk/.aws-eb-stack.properties
[2019-10-31T08:33:00.475Z] DEBUG [5542]  : Retrieving metadata for key: AWS::ElasticBeanstalk::Ext||_ContainerConfigFileContent||commands..
[2019-10-31T08:33:00.476Z] DEBUG [5542]  : Retrieving metadata for key: AWS::ElasticBeanstalk::Ext||_API||_Commands..
[2019-10-31T08:33:00.476Z] INFO  [5542]  : Found enabled addons: ["logpublish", "logstreaming"].
[2019-10-31T08:33:00.478Z] INFO  [5542]  : Updating Command definition of addon logpublish.
[2019-10-31T08:33:00.478Z] INFO  [5542]  : Updating Command definition of addon logstreaming.
[2019-10-31T08:33:00.478Z] DEBUG [5542]  : Loaded definition of Command CMD-TailLogs.
[2019-10-31T08:33:00.478Z] INFO  [5542]  : Executing CMD-TailLogs
[2019-10-31T08:33:00.478Z] INFO  [5542]  : Executing command: CMD-TailLogs...
[2019-10-31T08:33:00.478Z] INFO  [5542]  : Executing command CMD-TailLogs activities...
[2019-10-31T08:33:00.478Z] DEBUG [5542]  : Setting environment variables..
[2019-10-31T08:33:00.478Z] INFO  [5542]  : Running AddonsBefore for command CMD-TailLogs...
[2019-10-31T08:33:00.478Z] DEBUG [5542]  : Running stages of Command CMD-TailLogs from stage 0 to stage 0...
[2019-10-31T08:33:00.478Z] INFO  [5542]  : Running stage 0 of command CMD-TailLogs...
[2019-10-31T08:33:00.479Z] DEBUG [5542]  : Loaded 1 actions for stage 0.
[2019-10-31T08:33:00.479Z] INFO  [5542]  : Running 1 of 1 actions: TailLogs...
[2019-10-31T08:33:00.738Z] INFO  [5542]  : Running AddonsAfter for command CMD-TailLogs...
[2019-10-31T08:33:00.738Z] INFO  [5542]  : Command CMD-TailLogs succeeded!
[2019-10-31T08:33:00.739Z] INFO  [5542]  : Command processor returning results: 
{"status":"SUCCESS","api_version":"1.0","results":[{"status":"SUCCESS","msg":"","returncode":0,"events":[{"msg":"[Instance: i-053ac00382fbeab6a] Successfully finished tailing 6 log(s)","severity":"INFO","timestamp":1572510780739}]}]}
[2019-10-31T08:35:15.994Z] DEBUG [5632]  : Reading config file: /etc/elasticbeanstalk/.aws-eb-stack.properties
[2019-10-31T08:35:15.994Z] DEBUG [5632]  : Checking if the command processor should execute...
[2019-10-31T08:35:15.996Z] DEBUG [5632]  : Checking whether the command is applicable to instance (i-053ac00382fbeab6a)..
[2019-10-31T08:35:15.996Z] INFO  [5632]  : Command is applicable to this instance (i-053ac00382fbeab6a)..
[2019-10-31T08:35:15.996Z] DEBUG [5632]  : Checking if the received command stage is valid..
[2019-10-31T08:35:15.996Z] INFO  [5632]  : No stage_num in command. Valid stage..
[2019-10-31T08:35:15.996Z] INFO  [5632]  : Received command CMD-BundleLogs: {"execution_data"=>"*", "instance_ids"=>["i-053ac00382fbeab6a"], "data"=>"2aaeaa81-28f3-4d4e-84c2-19ca3b2e4471", "command_name"=>"CMD-BundleLogs", "api_version"=>"1.0", "resource_name"=>"AWSEBAutoScalingGroup", "request_id"=>"2aaeaa81-28f3-4d4e-84c2-19ca3b2e4471"}
[2019-10-31T08:35:15.996Z] INFO  [5632]  : Command processor should execute command.
[2019-10-31T08:35:15.996Z] DEBUG [5632]  : Storing current stage..
[2019-10-31T08:35:15.996Z] DEBUG [5632]  : Stage_num does not exist. Not saving null stage. Returning..
[2019-10-31T08:35:15.996Z] DEBUG [5632]  : Reading config file: /etc/elasticbeanstalk/.aws-eb-stack.properties
[2019-10-31T08:35:15.997Z] DEBUG [5632]  : Retrieving metadata for key: AWS::ElasticBeanstalk::Ext||_ContainerConfigFileContent||commands..
[2019-10-31T08:35:15.997Z] DEBUG [5632]  : Retrieving metadata for key: AWS::ElasticBeanstalk::Ext||_API||_Commands..
[2019-10-31T08:35:15.998Z] INFO  [5632]  : Found enabled addons: ["logpublish", "logstreaming"].
[2019-10-31T08:35:15.999Z] INFO  [5632]  : Updating Command definition of addon logpublish.
[2019-10-31T08:35:15.999Z] INFO  [5632]  : Updating Command definition of addon logstreaming.
[2019-10-31T08:35:15.999Z] DEBUG [5632]  : Loaded definition of Command CMD-BundleLogs.
[2019-10-31T08:35:15.999Z] INFO  [5632]  : Executing CMD-BundleLogs
[2019-10-31T08:35:15.999Z] INFO  [5632]  : Executing command: CMD-BundleLogs...
[2019-10-31T08:35:15.999Z] INFO  [5632]  : Executing command CMD-BundleLogs activities...
[2019-10-31T08:35:15.999Z] DEBUG [5632]  : Setting environment variables..
[2019-10-31T08:35:15.999Z] INFO  [5632]  : Running AddonsBefore for command CMD-BundleLogs...
[2019-10-31T08:35:16.000Z] DEBUG [5632]  : Running stages of Command CMD-BundleLogs from stage 0 to stage 0...
[2019-10-31T08:35:16.000Z] INFO  [5632]  : Running stage 0 of command CMD-BundleLogs...
[2019-10-31T08:35:16.000Z] DEBUG [5632]  : Loaded 1 actions for stage 0.
[2019-10-31T08:35:16.000Z] INFO  [5632]  : Running 1 of 1 actions: BundleLogs...
[2019-10-31T08:35:16.329Z] INFO  [5632]  : Running AddonsAfter for command CMD-BundleLogs...
[2019-10-31T08:35:16.329Z] INFO  [5632]  : Command CMD-BundleLogs succeeded!
[2019-10-31T08:35:16.329Z] INFO  [5632]  : Command processor returning results: 
{"status":"SUCCESS","api_version":"1.0","results":[{"status":"SUCCESS","msg":"","returncode":0,"events":[{"msg":"[Instance: i-053ac00382fbeab6a] Successfully finished bundling 22 log(s)","severity":"INFO","timestamp":1572510916329}]}]}
[2019-10-31T08:40:21.193Z] DEBUG [5825]  : Reading config file: /etc/elasticbeanstalk/.aws-eb-stack.properties
[2019-10-31T08:40:21.193Z] DEBUG [5825]  : Checking if the command processor should execute...
[2019-10-31T08:40:21.196Z] DEBUG [5825]  : Checking whether the command is applicable to instance (i-053ac00382fbeab6a)..
[2019-10-31T08:40:21.196Z] INFO  [5825]  : Command is applicable to this instance (i-053ac00382fbeab6a)..
[2019-10-31T08:40:21.196Z] DEBUG [5825]  : Checking if the received command stage is valid..
[2019-10-31T08:40:21.196Z] INFO  [5825]  : No stage_num in command. Valid stage..
[2019-10-31T08:40:21.196Z] INFO  [5825]  : Received command CMD-ConfigDeploy: {"instance_ids"=>["i-053ac00382fbeab6a"], "command_name"=>"CMD-ConfigDeploy", "api_version"=>"1.0", "resource_name"=>"AWSEBAutoScalingGroup", "request_id"=>"38b03d23-58cc-4665-a325-0cf0f9f93c56"}
[2019-10-31T08:40:21.196Z] INFO  [5825]  : Command processor should execute command.
[2019-10-31T08:40:21.196Z] DEBUG [5825]  : Storing current stage..
[2019-10-31T08:40:21.196Z] DEBUG [5825]  : Stage_num does not exist. Not saving null stage. Returning..
[2019-10-31T08:40:21.196Z] DEBUG [5825]  : Reading config file: /etc/elasticbeanstalk/.aws-eb-stack.properties
[2019-10-31T08:40:21.196Z] DEBUG [5825]  : Retrieving metadata for key: AWS::ElasticBeanstalk::Ext||_ContainerConfigFileContent||commands..
[2019-10-31T08:40:21.197Z] DEBUG [5825]  : Retrieving metadata for key: AWS::ElasticBeanstalk::Ext||_API||_Commands..
[2019-10-31T08:40:21.198Z] INFO  [5825]  : Found enabled addons: ["logpublish", "logstreaming"].
[2019-10-31T08:40:21.199Z] INFO  [5825]  : Updating Command definition of addon logpublish.
[2019-10-31T08:40:21.199Z] INFO  [5825]  : Updating Command definition of addon logstreaming.
[2019-10-31T08:40:21.199Z] DEBUG [5825]  : Refreshing metadata...
[2019-10-31T08:40:21.552Z] DEBUG [5825]  : Refreshed environment metadata.
[2019-10-31T08:40:21.552Z] INFO  [5825]  : Recreated directory /opt/elasticbeanstalk/deploy/configuration/.
[2019-10-31T08:40:21.552Z] DEBUG [5825]  : Retrieving metadata for key: AWS::ElasticBeanstalk::Ext||_AppSourceUrlFileContent||url..
[2019-10-31T08:40:21.553Z] INFO  [5825]  : Created appsource url file at /opt/elasticbeanstalk/deploy/configuration/appsourceurl.
[2019-10-31T08:40:21.553Z] DEBUG [5825]  : Retrieving metadata for key: AWS::ElasticBeanstalk::Ext||_ContainerConfigFileContent..
[2019-10-31T08:40:21.554Z] INFO  [5825]  : Created container config file at /opt/elasticbeanstalk/deploy/configuration/containerconfiguration.
[2019-10-31T08:40:21.554Z] DEBUG [5825]  : Retrieving metadata for key: AWS::ElasticBeanstalk::Ext||_ContainerConfigFileContent||commands..
[2019-10-31T08:40:21.555Z] DEBUG [5825]  : Retrieving metadata for key: AWS::ElasticBeanstalk::Ext||_API||_Commands..
[2019-10-31T08:40:21.556Z] INFO  [5825]  : Found enabled addons: ["logpublish", "logstreaming"].
[2019-10-31T08:40:21.557Z] INFO  [5825]  : Updating Command definition of addon logpublish.
[2019-10-31T08:40:21.557Z] INFO  [5825]  : Updating Command definition of addon logstreaming.
[2019-10-31T08:40:21.557Z] DEBUG [5825]  : Retrieving metadata for key: AWS::CloudFormation::Init||Infra-WriteApplication2||files..
[2019-10-31T08:40:21.557Z] DEBUG [5825]  : Retrieving metadata for key: AWS::ElasticBeanstalk::Ext||ManifestFileS3Key..
[2019-10-31T08:40:21.656Z] INFO  [5825]  : Finding latest manifest from bucket 'elasticbeanstalk-us-east-1-745453658083' with prefix 'resources/environments/e-8wmampmxnf/_runtime/versions/manifest_'.
[2019-10-31T08:40:21.740Z] INFO  [5825]  : Found manifest with key 'resources/environments/e-8wmampmxnf/_runtime/versions/manifest_1572511184390'.
[2019-10-31T08:40:21.753Z] INFO  [5825]  : Updated manifest cache: deployment ID 4 and serial 4.
[2019-10-31T08:40:21.754Z] DEBUG [5825]  : Loaded definition of Command CMD-ConfigDeploy.
[2019-10-31T08:40:21.754Z] INFO  [5825]  : Executing Configuration update
[2019-10-31T08:40:21.754Z] INFO  [5825]  : Executing command: CMD-ConfigDeploy...
[2019-10-31T08:40:21.754Z] INFO  [5825]  : Executing command CMD-ConfigDeploy activities...
[2019-10-31T08:40:21.754Z] DEBUG [5825]  : Setting environment variables..
[2019-10-31T08:40:21.754Z] INFO  [5825]  : Running AddonsBefore for command CMD-ConfigDeploy...
[2019-10-31T08:40:21.880Z] DEBUG [5825]  : Running stages of Command CMD-ConfigDeploy from stage 0 to stage 1...
[2019-10-31T08:40:21.880Z] INFO  [5825]  : Running stage 0 of command CMD-ConfigDeploy...
[2019-10-31T08:40:21.881Z] DEBUG [5825]  : Loaded 1 actions for stage 0.
[2019-10-31T08:40:21.881Z] INFO  [5825]  : Running 1 of 1 actions: ConfigDeployPreHook...
[2019-10-31T08:40:22.954Z] INFO  [5825]  : Running stage 1 of command CMD-ConfigDeploy...
[2019-10-31T08:40:22.955Z] DEBUG [5825]  : Loaded 2 actions for stage 1.
[2019-10-31T08:40:22.955Z] INFO  [5825]  : Running 1 of 2 actions: ConfigDeployEnactHook...
[2019-10-31T08:40:29.344Z] INFO  [5825]  : Running 2 of 2 actions: ConfigDeployPostHook...
[2019-10-31T08:40:29.344Z] INFO  [5825]  : Running AddonsAfter for command CMD-ConfigDeploy...
[2019-10-31T08:40:29.896Z] INFO  [5825]  : Command CMD-ConfigDeploy succeeded!
[2019-10-31T08:40:29.897Z] INFO  [5825]  : Command processor returning results: 
{"status":"SUCCESS","api_version":"1.0","results":[{"status":"SUCCESS","msg":"","returncode":0,"events":[]}]}
[2019-11-17T21:59:35.594Z] DEBUG [22373] : Reading config file: /etc/elasticbeanstalk/.aws-eb-stack.properties
[2019-11-17T21:59:35.595Z] DEBUG [22373] : Checking if the command processor should execute...
[2019-11-17T21:59:35.600Z] DEBUG [22373] : Checking whether the command is applicable to instance (i-053ac00382fbeab6a)..
[2019-11-17T21:59:35.600Z] INFO  [22373] : Command is applicable to this instance (i-053ac00382fbeab6a)..
[2019-11-17T21:59:35.600Z] DEBUG [22373] : Checking if the received command stage is valid..
[2019-11-17T21:59:35.600Z] INFO  [22373] : No stage_num in command. Valid stage..
[2019-11-17T21:59:35.600Z] INFO  [22373] : Received command CMD-TailLogs: {"execution_data"=>"*", "instance_ids"=>["i-053ac00382fbeab6a"], "data"=>"00394b07-3127-4446-8214-dd6017cb638a", "command_name"=>"CMD-TailLogs", "api_version"=>"1.0", "resource_name"=>"AWSEBAutoScalingGroup", "request_id"=>"00394b07-3127-4446-8214-dd6017cb638a"}
[2019-11-17T21:59:35.600Z] INFO  [22373] : Command processor should execute command.
[2019-11-17T21:59:35.600Z] DEBUG [22373] : Storing current stage..
[2019-11-17T21:59:35.600Z] DEBUG [22373] : Stage_num does not exist. Not saving null stage. Returning..
[2019-11-17T21:59:35.600Z] DEBUG [22373] : Reading config file: /etc/elasticbeanstalk/.aws-eb-stack.properties
[2019-11-17T21:59:35.600Z] DEBUG [22373] : Retrieving metadata for key: AWS::ElasticBeanstalk::Ext||_ContainerConfigFileContent||commands..
[2019-11-17T21:59:35.601Z] DEBUG [22373] : Retrieving metadata for key: AWS::ElasticBeanstalk::Ext||_API||_Commands..
[2019-11-17T21:59:35.602Z] INFO  [22373] : Found enabled addons: ["logpublish", "logstreaming"].
[2019-11-17T21:59:35.603Z] INFO  [22373] : Updating Command definition of addon logpublish.
[2019-11-17T21:59:35.603Z] INFO  [22373] : Updating Command definition of addon logstreaming.
[2019-11-17T21:59:35.603Z] DEBUG [22373] : Loaded definition of Command CMD-TailLogs.
[2019-11-17T21:59:35.603Z] INFO  [22373] : Executing CMD-TailLogs
[2019-11-17T21:59:35.604Z] INFO  [22373] : Executing command: CMD-TailLogs...
[2019-11-17T21:59:35.604Z] INFO  [22373] : Executing command CMD-TailLogs activities...
[2019-11-17T21:59:35.604Z] DEBUG [22373] : Setting environment variables..
[2019-11-17T21:59:35.604Z] INFO  [22373] : Running AddonsBefore for command CMD-TailLogs...
[2019-11-17T21:59:35.604Z] DEBUG [22373] : Running stages of Command CMD-TailLogs from stage 0 to stage 0...
[2019-11-17T21:59:35.604Z] INFO  [22373] : Running stage 0 of command CMD-TailLogs...
[2019-11-17T21:59:35.604Z] DEBUG [22373] : Loaded 1 actions for stage 0.
[2019-11-17T21:59:35.604Z] INFO  [22373] : Running 1 of 1 actions: TailLogs...
[2019-11-17T21:59:35.833Z] INFO  [22373] : Running AddonsAfter for command CMD-TailLogs...
[2019-11-17T21:59:35.834Z] INFO  [22373] : Command CMD-TailLogs succeeded!
[2019-11-17T21:59:35.834Z] INFO  [22373] : Command processor returning results: 
{"status":"SUCCESS","api_version":"1.0","results":[{"status":"SUCCESS","msg":"","returncode":0,"events":[{"msg":"[Instance: i-053ac00382fbeab6a] Successfully finished tailing 6 log(s)","severity":"INFO","timestamp":1574027975834}]}]}
[2019-11-17T22:11:30.028Z] DEBUG [22831] : Reading config file: /etc/elasticbeanstalk/.aws-eb-stack.properties
[2019-11-17T22:11:30.028Z] DEBUG [22831] : Checking if the command processor should execute...
[2019-11-17T22:11:30.031Z] DEBUG [22831] : Checking whether the command is applicable to instance (i-053ac00382fbeab6a)..
[2019-11-17T22:11:30.031Z] INFO  [22831] : Command is applicable to this instance (i-053ac00382fbeab6a)..
[2019-11-17T22:11:30.031Z] DEBUG [22831] : Checking if the received command stage is valid..
[2019-11-17T22:11:30.031Z] INFO  [22831] : No stage_num in command. Valid stage..
[2019-11-17T22:11:30.031Z] INFO  [22831] : Received command CMD-TailLogs: {"execution_data"=>"*", "instance_ids"=>["i-053ac00382fbeab6a"], "data"=>"7f836492-e2eb-47f7-9625-270168e7048b", "command_name"=>"CMD-TailLogs", "api_version"=>"1.0", "resource_name"=>"AWSEBAutoScalingGroup", "request_id"=>"7f836492-e2eb-47f7-9625-270168e7048b"}
[2019-11-17T22:11:30.031Z] INFO  [22831] : Command processor should execute command.
[2019-11-17T22:11:30.031Z] DEBUG [22831] : Storing current stage..
[2019-11-17T22:11:30.031Z] DEBUG [22831] : Stage_num does not exist. Not saving null stage. Returning..
[2019-11-17T22:11:30.031Z] DEBUG [22831] : Reading config file: /etc/elasticbeanstalk/.aws-eb-stack.properties
[2019-11-17T22:11:30.031Z] DEBUG [22831] : Retrieving metadata for key: AWS::ElasticBeanstalk::Ext||_ContainerConfigFileContent||commands..
[2019-11-17T22:11:30.032Z] DEBUG [22831] : Retrieving metadata for key: AWS::ElasticBeanstalk::Ext||_API||_Commands..
[2019-11-17T22:11:30.033Z] INFO  [22831] : Found enabled addons: ["logpublish", "logstreaming"].
[2019-11-17T22:11:30.034Z] INFO  [22831] : Updating Command definition of addon logpublish.
[2019-11-17T22:11:30.034Z] INFO  [22831] : Updating Command definition of addon logstreaming.
[2019-11-17T22:11:30.034Z] DEBUG [22831] : Loaded definition of Command CMD-TailLogs.
[2019-11-17T22:11:30.034Z] INFO  [22831] : Executing CMD-TailLogs
[2019-11-17T22:11:30.034Z] INFO  [22831] : Executing command: CMD-TailLogs...
[2019-11-17T22:11:30.034Z] INFO  [22831] : Executing command CMD-TailLogs activities...
[2019-11-17T22:11:30.034Z] DEBUG [22831] : Setting environment variables..
[2019-11-17T22:11:30.034Z] INFO  [22831] : Running AddonsBefore for command CMD-TailLogs...
[2019-11-17T22:11:30.035Z] DEBUG [22831] : Running stages of Command CMD-TailLogs from stage 0 to stage 0...
[2019-11-17T22:11:30.035Z] INFO  [22831] : Running stage 0 of command CMD-TailLogs...
[2019-11-17T22:11:30.035Z] DEBUG [22831] : Loaded 1 actions for stage 0.
[2019-11-17T22:11:30.035Z] INFO  [22831] : Running 1 of 1 actions: TailLogs...
[2019-11-17T22:11:30.314Z] INFO  [22831] : Running AddonsAfter for command CMD-TailLogs...
[2019-11-17T22:11:30.314Z] INFO  [22831] : Command CMD-TailLogs succeeded!
[2019-11-17T22:11:30.315Z] INFO  [22831] : Command processor returning results: 
{"status":"SUCCESS","api_version":"1.0","results":[{"status":"SUCCESS","msg":"","returncode":0,"events":[{"msg":"[Instance: i-053ac00382fbeab6a] Successfully finished tailing 6 log(s)","severity":"INFO","timestamp":1574028690314}]}]}
[2019-11-17T22:13:38.039Z] DEBUG [22905] : Reading config file: /etc/elasticbeanstalk/.aws-eb-stack.properties
[2019-11-17T22:13:38.039Z] DEBUG [22905] : Checking if the command processor should execute...
[2019-11-17T22:13:38.042Z] DEBUG [22905] : Checking whether the command is applicable to instance (i-053ac00382fbeab6a)..
[2019-11-17T22:13:38.042Z] INFO  [22905] : Command is applicable to this instance (i-053ac00382fbeab6a)..
[2019-11-17T22:13:38.042Z] DEBUG [22905] : Checking if the received command stage is valid..
[2019-11-17T22:13:38.042Z] INFO  [22905] : No stage_num in command. Valid stage..
[2019-11-17T22:13:38.042Z] INFO  [22905] : Received command CMD-BundleLogs: {"execution_data"=>"*", "instance_ids"=>["i-053ac00382fbeab6a"], "data"=>"dd5df13e-37aa-40dc-8c0d-e0f43e95f830", "command_name"=>"CMD-BundleLogs", "api_version"=>"1.0", "resource_name"=>"AWSEBAutoScalingGroup", "request_id"=>"dd5df13e-37aa-40dc-8c0d-e0f43e95f830"}
[2019-11-17T22:13:38.042Z] INFO  [22905] : Command processor should execute command.
[2019-11-17T22:13:38.042Z] DEBUG [22905] : Storing current stage..
[2019-11-17T22:13:38.042Z] DEBUG [22905] : Stage_num does not exist. Not saving null stage. Returning..
[2019-11-17T22:13:38.042Z] DEBUG [22905] : Reading config file: /etc/elasticbeanstalk/.aws-eb-stack.properties
[2019-11-17T22:13:38.043Z] DEBUG [22905] : Retrieving metadata for key: AWS::ElasticBeanstalk::Ext||_ContainerConfigFileContent||commands..
[2019-11-17T22:13:38.043Z] DEBUG [22905] : Retrieving metadata for key: AWS::ElasticBeanstalk::Ext||_API||_Commands..
[2019-11-17T22:13:38.044Z] INFO  [22905] : Found enabled addons: ["logpublish", "logstreaming"].
[2019-11-17T22:13:38.045Z] INFO  [22905] : Updating Command definition of addon logpublish.
[2019-11-17T22:13:38.045Z] INFO  [22905] : Updating Command definition of addon logstreaming.
[2019-11-17T22:13:38.045Z] DEBUG [22905] : Loaded definition of Command CMD-BundleLogs.
[2019-11-17T22:13:38.045Z] INFO  [22905] : Executing CMD-BundleLogs
[2019-11-17T22:13:38.045Z] INFO  [22905] : Executing command: CMD-BundleLogs...
[2019-11-17T22:13:38.045Z] INFO  [22905] : Executing command CMD-BundleLogs activities...
[2019-11-17T22:13:38.045Z] DEBUG [22905] : Setting environment variables..
[2019-11-17T22:13:38.045Z] INFO  [22905] : Running AddonsBefore for command CMD-BundleLogs...
[2019-11-17T22:13:38.046Z] DEBUG [22905] : Running stages of Command CMD-BundleLogs from stage 0 to stage 0...
[2019-11-17T22:13:38.046Z] INFO  [22905] : Running stage 0 of command CMD-BundleLogs...
[2019-11-17T22:13:38.046Z] DEBUG [22905] : Loaded 1 actions for stage 0.
[2019-11-17T22:13:38.046Z] INFO  [22905] : Running 1 of 1 actions: BundleLogs...
