[2019-10-31T08:15:04Z] Started EB User Data
+ SLEEP_TIME=10
+ SLEEP_TIME_MAX=3600
+ true
+ curl https://s3.dualstack.us-east-1.amazonaws.com/elasticbeanstalk-env-resources-us-east-1/stalks/eb_java_1.0.201576.0_1571097487/lib/UserDataScript.sh
  % Total    % Received % Xferd  Average Speed   Time    Time     Time  Current
                                 Dload  Upload   Total   Spent    Left  Speed
  0     0    0     0    0     0      0      0 --:--:-- --:--:-- --:--:--     0100 12536  100 12536    0     0   163k      0 --:--:-- --:--:-- --:--:--  163k
+ RESULT=0
+ [[ 0 -ne 0 ]]
+ /bin/bash /tmp/ebbootstrap.sh https://s3.dualstack.us-east-1.amazonaws.com/elasticbeanstalk-env-resources-us-east-1/stalks/eb_java_1.0.201576.0_1571097487/lib/aws-elasticbeanstalk-tools-1.20-1.noarch.rpm 'https://s3.dualstack.us-east-1.amazonaws.com/elasticbeanstalk-env-resources-us-east-1/stalks/eb_java_1.0.201576.0_1571097487/lib/awseb-ruby-2.2.4-x86_64-20160503_1008.tar.gz https://s3.dualstack.us-east-1.amazonaws.com/elasticbeanstalk-env-resources-us-east-1/stalks/eb_java_1.0.201576.0_1571097487/lib/basehooks.tar.gz' 'https://s3.dualstack.us-east-1.amazonaws.com/elasticbeanstalk-env-resources-us-east-1/stalks/eb_java_1.0.201576.0_1571097487/lib/beanstalk-core-2.12.gem https://s3.dualstack.us-east-1.amazonaws.com/elasticbeanstalk-env-resources-us-east-1/stalks/eb_java_1.0.201576.0_1571097487/lib/beanstalk-core-healthd-1.1.gem https://s3.dualstack.us-east-1.amazonaws.com/elasticbeanstalk-env-resources-us-east-1/stalks/eb_java_1.0.201576.0_1571097487/lib/executor-1.2.gem' 'https://cloudformation-waitcondition-us-east-1.s3.amazonaws.com/arn%3Aaws%3Acloudformation%3Aus-east-1%3A745453658083%3Astack/awseb-e-8wmampmxnf-stack/6833ac20-fbb5-11e9-aa8f-0a51b82e168a/AWSEBInstanceLaunchWaitHandle?X-Amz-Algorithm=AWS4-HMAC-SHA256&X-Amz-Date=20191031T080701Z&X-Amz-SignedHeaders=host&X-Amz-Expires=86399&X-Amz-Credential=AKIAIIT3CWAIMJYUTISA%2F20191031%2Fus-east-1%2Fs3%2Faws4_request&X-Amz-Signature=7bbb64df4b6aa45948b440400ae9002c1c81436eac8947b8167a4372db5bf2bd' arn:aws:cloudformation:us-east-1:745453658083:stack/awseb-e-8wmampmxnf-stack/6833ac20-fbb5-11e9-aa8f-0a51b82e168a us-east-1 8d4b96c1362b 0536b12f-5aa2-434f-81eb-df04613000ed '' nginx ''
[2019-10-31T08:15:04.284Z] Started EB Bootstrapping Script.
[2019-10-31T08:15:04.294Z] Received parameters:
 RPMS = https://s3.dualstack.us-east-1.amazonaws.com/elasticbeanstalk-env-resources-us-east-1/stalks/eb_java_1.0.201576.0_1571097487/lib/aws-elasticbeanstalk-tools-1.20-1.noarch.rpm
 TARBALLS = https://s3.dualstack.us-east-1.amazonaws.com/elasticbeanstalk-env-resources-us-east-1/stalks/eb_java_1.0.201576.0_1571097487/lib/awseb-ruby-2.2.4-x86_64-20160503_1008.tar.gz https://s3.dualstack.us-east-1.amazonaws.com/elasticbeanstalk-env-resources-us-east-1/stalks/eb_java_1.0.201576.0_1571097487/lib/basehooks.tar.gz
 EB_GEMS = https://s3.dualstack.us-east-1.amazonaws.com/elasticbeanstalk-env-resources-us-east-1/stalks/eb_java_1.0.201576.0_1571097487/lib/beanstalk-core-2.12.gem https://s3.dualstack.us-east-1.amazonaws.com/elasticbeanstalk-env-resources-us-east-1/stalks/eb_java_1.0.201576.0_1571097487/lib/beanstalk-core-healthd-1.1.gem https://s3.dualstack.us-east-1.amazonaws.com/elasticbeanstalk-env-resources-us-east-1/stalks/eb_java_1.0.201576.0_1571097487/lib/executor-1.2.gem
 SIGNAL_URL = https://cloudformation-waitcondition-us-east-1.s3.amazonaws.com/arn%3Aaws%3Acloudformation%3Aus-east-1%3A745453658083%3Astack/awseb-e-8wmampmxnf-stack/6833ac20-fbb5-11e9-aa8f-0a51b82e168a/AWSEBInstanceLaunchWaitHandle?X-Amz-Algorithm=AWS4-HMAC-SHA256&X-Amz-Date=20191031T080701Z&X-Amz-SignedHeaders=host&X-Amz-Expires=86399&X-Amz-Credential=AKIAIIT3CWAIMJYUTISA%2F20191031%2Fus-east-1%2Fs3%2Faws4_request&X-Amz-Signature=7bbb64df4b6aa45948b440400ae9002c1c81436eac8947b8167a4372db5bf2bd
 STACK_ID = arn:aws:cloudformation:us-east-1:745453658083:stack/awseb-e-8wmampmxnf-stack/6833ac20-fbb5-11e9-aa8f-0a51b82e168a
 REGION = us-east-1
 GUID = 8d4b96c1362b
 HEALTHD_GROUP_ID = 0536b12f-5aa2-434f-81eb-df04613000ed
 HEALTHD_ENDPOINT = 
 PROXY_SERVER = nginx
 HEALTHD_PROXY_LOG_LOCATION =
[2019-10-31T08:15:04.352Z] Synchronizing network time in background.
[2019-10-31T08:15:04.410Z] yum repo has already been locked to 8d4b96c1362b.
[2019-10-31T08:15:04.417Z] yum update has already been done.
Shutting down ntpd: [2019-10-31T08:15:04.499Z] Completed creating AWS EB users and groups.
[2019-10-31T08:15:04.503Z] Started executing install_rpms https://s3.dualstack.us-east-1.amazonaws.com/elasticbeanstalk-env-resources-us-east-1/stalks/eb_java_1.0.201576.0_1571097487/lib/aws-elasticbeanstalk-tools-1.20-1.noarch.rpm.
[2019-10-31T08:15:04.504Z] Installing RPM: https://s3.dualstack.us-east-1.amazonaws.com/elasticbeanstalk-env-resources-us-east-1/stalks/eb_java_1.0.201576.0_1571097487/lib/aws-elasticbeanstalk-tools-1.20-1.noarch.rpm.
[  OK  ]
[2019-10-31T08:15:04.644Z] aws-elasticbeanstalk-tools-1.20-1.noarch has already been installed. Skip installing.
[2019-10-31T08:15:04.653Z] Command Returned: 
[2019-10-31T08:15:04.662Z] Completed executing install_rpms.
[2019-10-31T08:15:04.673Z] Started executing install_tarballs https://s3.dualstack.us-east-1.amazonaws.com/elasticbeanstalk-env-resources-us-east-1/stalks/eb_java_1.0.201576.0_1571097487/lib/awseb-ruby-2.2.4-x86_64-20160503_1008.tar.gz https://s3.dualstack.us-east-1.amazonaws.com/elasticbeanstalk-env-resources-us-east-1/stalks/eb_java_1.0.201576.0_1571097487/lib/basehooks.tar.gz.
[2019-10-31T08:15:04.674Z] Installing tarball: https://s3.dualstack.us-east-1.amazonaws.com/elasticbeanstalk-env-resources-us-east-1/stalks/eb_java_1.0.201576.0_1571097487/lib/awseb-ruby-2.2.4-x86_64-20160503_1008.tar.gz.
[2019-10-31T08:15:04.694Z] awseb-ruby-2.2.4-x86_64-20160503_1008.tar.gz has already been installed. Skip installing.
[2019-10-31T08:15:04.695Z] Installing tarball: https://s3.dualstack.us-east-1.amazonaws.com/elasticbeanstalk-env-resources-us-east-1/stalks/eb_java_1.0.201576.0_1571097487/lib/basehooks.tar.gz.
[2019-10-31T08:15:04.776Z] Command Returned: 

2019-10-31 08:15:04 URL:https://s3.dualstack.us-east-1.amazonaws.com/elasticbeanstalk-env-resources-us-east-1/stalks/eb_java_1.0.201576.0_1571097487/lib/basehooks.tar.gz [5747/5747] -> "/tmp/basehooks.tar.gz" [1]
[2019-10-31T08:15:04.784Z] Completed executing install_tarballs.
[2019-10-31T08:15:04.801Z] Started executing install_eb_gems https://s3.dualstack.us-east-1.amazonaws.com/elasticbeanstalk-env-resources-us-east-1/stalks/eb_java_1.0.201576.0_1571097487/lib/beanstalk-core-2.12.gem https://s3.dualstack.us-east-1.amazonaws.com/elasticbeanstalk-env-resources-us-east-1/stalks/eb_java_1.0.201576.0_1571097487/lib/beanstalk-core-healthd-1.1.gem https://s3.dualstack.us-east-1.amazonaws.com/elasticbeanstalk-env-resources-us-east-1/stalks/eb_java_1.0.201576.0_1571097487/lib/executor-1.2.gem.
[2019-10-31T08:15:04.834Z] Installing EB Gem: https://s3.dualstack.us-east-1.amazonaws.com/elasticbeanstalk-env-resources-us-east-1/stalks/eb_java_1.0.201576.0_1571097487/lib/beanstalk-core-2.12.gem.
[2019-10-31T08:15:05.154Z] beanstalk-core-2.12 has already been installed. Skip installing.
[2019-10-31T08:15:05.162Z] Installing EB Gem: https://s3.dualstack.us-east-1.amazonaws.com/elasticbeanstalk-env-resources-us-east-1/stalks/eb_java_1.0.201576.0_1571097487/lib/beanstalk-core-healthd-1.1.gem.
[2019-10-31T08:15:05.350Z] beanstalk-core-healthd-1.1 has already been installed. Skip installing.
[2019-10-31T08:15:05.373Z] Installing EB Gem: https://s3.dualstack.us-east-1.amazonaws.com/elasticbeanstalk-env-resources-us-east-1/stalks/eb_java_1.0.201576.0_1571097487/lib/executor-1.2.gem.
[2019-10-31T08:15:05.578Z] executor-1.2 has already been installed. Skip installing.
[2019-10-31T08:15:05.586Z] Command Returned: 
[2019-10-31T08:15:05.593Z] Completed executing install_eb_gems.
[2019-10-31T08:15:05.601Z] Starting healthd
initctl: Unknown instance: 
healthd start/running, process 2759
[2019-10-31T08:15:05.841Z] First init of instance.
[2019-10-31T08:15:05.853Z] Started executing cfn_init _OnInstanceBoot first_init.
[2019-10-31T08:15:05.864Z] Running cfn-init ConfigSet: _OnInstanceBoot.
[2019-10-31T08:15:06.681Z] Command Returned: 
[2019-10-31T08:15:06.687Z] Completed executing cfn_init.
[2019-10-31T08:15:06.774Z] Check whether controlled by launch workflow...
[2019-10-31T08:15:07.349Z] Worflow running.
[2019-10-31T08:15:07.356Z] Workflow controlled instance. Running container provisioning...
[2019-10-31T08:15:07.370Z] Started executing start_cfn_hup.
[2019-10-31T08:15:07.371Z] Starting cfn-hup.
[2019-10-31T08:15:07.392Z] Command Returned: cfn-hup start/running, process 2837
[2019-10-31T08:15:07.404Z] Completed executing start_cfn_hup.
[2019-10-31T08:15:07.416Z] Started executing run_eb_command { "api_version" : "1.0", "request_id": "0", "command_name": "CMD-PreInit" } .
[2019-10-31T08:15:07.421Z] Running EB Command: { "api_version" : "1.0", "request_id": "0", "command_name": "CMD-PreInit" } .
[2019-10-31T08:15:11.865Z] Command Returned: {"status":"SUCCESS","api_version":"1.0","results":[{"status":"SUCCESS","msg":"","returncode":0,"events":[]}]}
[2019-10-31T08:15:11.874Z] Completed executing run_eb_command.
[2019-10-31T08:15:11.880Z] Successfully bootstrapped instance.
[2019-10-31T08:15:11.981Z] Sending signal 0 to CFN wait condition https://cloudformation-waitcondition-us-east-1.s3.amazonaws.com/arn%3Aaws%3Acloudformation%3Aus-east-1%3A745453658083%3Astack/awseb-e-8wmampmxnf-stack/6833ac20-fbb5-11e9-aa8f-0a51b82e168a/AWSEBInstanceLaunchWaitHandle?X-Amz-Algorithm=AWS4-HMAC-SHA256&X-Amz-Date=20191031T080701Z&X-Amz-SignedHeaders=host&X-Amz-Expires=86399&X-Amz-Credential=AKIAIIT3CWAIMJYUTISA%2F20191031%2Fus-east-1%2Fs3%2Faws4_request&X-Amz-Signature=7bbb64df4b6aa45948b440400ae9002c1c81436eac8947b8167a4372db5bf2bd
CloudFormation signaled successfully with SUCCESS.
[2019-10-31T08:15:12.469Z] Tailing /var/log/eb-commandprocessor.log

******************* eb-commandprocessor taillog *******************
[2019-10-31T08:15:07.758Z] DEBUG [2847]  : Reading config file: /etc/elasticbeanstalk/.aws-eb-stack.properties
[2019-10-31T08:15:07.758Z] DEBUG [2847]  : Checking if the command processor should execute...
[2019-10-31T08:15:07.766Z] DEBUG [2847]  : Checking whether the command is applicable to instance (i-053ac00382fbeab6a)..
[2019-10-31T08:15:07.766Z] INFO  [2847]  : Command is applicable to this instance (i-053ac00382fbeab6a)..
[2019-10-31T08:15:07.766Z] DEBUG [2847]  : Checking if the received command stage is valid..
[2019-10-31T08:15:07.766Z] INFO  [2847]  : No stage_num in command. Valid stage..
[2019-10-31T08:15:07.766Z] INFO  [2847]  : Received command CMD-PreInit: {"api_version"=>"1.0", "request_id"=>"0", "command_name"=>"CMD-PreInit"}
[2019-10-31T08:15:07.766Z] INFO  [2847]  : Command processor should execute command.
[2019-10-31T08:15:07.766Z] DEBUG [2847]  : Storing current stage..
[2019-10-31T08:15:07.766Z] DEBUG [2847]  : Stage_num does not exist. Not saving null stage. Returning..
[2019-10-31T08:15:07.766Z] DEBUG [2847]  : Reading config file: /etc/elasticbeanstalk/.aws-eb-stack.properties
[2019-10-31T08:15:07.766Z] DEBUG [2847]  : Retrieving metadata for key: AWS::ElasticBeanstalk::Ext||_ContainerConfigFileContent||commands..
[2019-10-31T08:15:07.767Z] DEBUG [2847]  : Retrieving metadata for key: AWS::ElasticBeanstalk::Ext||_API||_Commands..
[2019-10-31T08:15:07.768Z] INFO  [2847]  : Found enabled addons: ["logpublish", "logstreaming"].
[2019-10-31T08:15:07.769Z] INFO  [2847]  : Updating Command definition of addon logpublish.
[2019-10-31T08:15:07.769Z] INFO  [2847]  : Updating Command definition of addon logstreaming.
[2019-10-31T08:15:07.769Z] DEBUG [2847]  : Refreshing metadata...
[2019-10-31T08:15:07.769Z] DEBUG [2847]  : Using cached environment metadata.
[2019-10-31T08:15:07.770Z] INFO  [2847]  : Recreated directory /opt/elasticbeanstalk/deploy/configuration/.
[2019-10-31T08:15:07.770Z] DEBUG [2847]  : Retrieving metadata for key: AWS::ElasticBeanstalk::Ext||_AppSourceUrlFileContent||url..
[2019-10-31T08:15:07.770Z] INFO  [2847]  : Created appsource url file at /opt/elasticbeanstalk/deploy/configuration/appsourceurl.
[2019-10-31T08:15:07.770Z] DEBUG [2847]  : Retrieving metadata for key: AWS::ElasticBeanstalk::Ext||_ContainerConfigFileContent..
[2019-10-31T08:15:07.771Z] INFO  [2847]  : Created container config file at /opt/elasticbeanstalk/deploy/configuration/containerconfiguration.
[2019-10-31T08:15:07.771Z] DEBUG [2847]  : Retrieving metadata for key: AWS::ElasticBeanstalk::Ext||_ContainerConfigFileContent||commands..
[2019-10-31T08:15:07.776Z] DEBUG [2847]  : Retrieving metadata for key: AWS::ElasticBeanstalk::Ext||_API||_Commands..
[2019-10-31T08:15:07.777Z] INFO  [2847]  : Found enabled addons: ["logpublish", "logstreaming"].
[2019-10-31T08:15:07.778Z] INFO  [2847]  : Updating Command definition of addon logpublish.
[2019-10-31T08:15:07.778Z] INFO  [2847]  : Updating Command definition of addon logstreaming.
[2019-10-31T08:15:07.778Z] DEBUG [2847]  : Retrieving metadata for key: AWS::CloudFormation::Init||Infra-WriteApplication2||files..
[2019-10-31T08:15:07.778Z] DEBUG [2847]  : Retrieving metadata for key: AWS::ElasticBeanstalk::Ext||ManifestFileS3Key..
[2019-10-31T08:15:08.037Z] INFO  [2847]  : Finding latest manifest from bucket 'elasticbeanstalk-us-east-1-745453658083' with prefix 'resources/environments/e-8wmampmxnf/_runtime/versions/manifest_'.
[2019-10-31T08:15:08.201Z] INFO  [2847]  : Found manifest with key 'resources/environments/e-8wmampmxnf/_runtime/versions/manifest_1572509216159'.
[2019-10-31T08:15:08.234Z] INFO  [2847]  : Updated manifest cache: deployment ID 1 and serial 1.
[2019-10-31T08:15:08.234Z] DEBUG [2847]  : Loaded definition of Command CMD-PreInit.
[2019-10-31T08:15:08.234Z] INFO  [2847]  : Executing Initialization
[2019-10-31T08:15:08.234Z] INFO  [2847]  : Executing command: CMD-PreInit...
[2019-10-31T08:15:08.235Z] INFO  [2847]  : Executing command CMD-PreInit activities...
[2019-10-31T08:15:08.235Z] DEBUG [2847]  : Setting environment variables..
[2019-10-31T08:15:08.235Z] INFO  [2847]  : Running AddonsBefore for command CMD-PreInit...
[2019-10-31T08:15:10.553Z] DEBUG [2847]  : Running stages of Command CMD-PreInit from stage 0 to stage 0...
[2019-10-31T08:15:10.553Z] INFO  [2847]  : Running stage 0 of command CMD-PreInit...
[2019-10-31T08:15:10.553Z] DEBUG [2847]  : Loaded 2 actions for stage 0.
[2019-10-31T08:15:10.553Z] INFO  [2847]  : Running 1 of 2 actions: DownloadSourceBundle...
[2019-10-31T08:15:11.456Z] INFO  [2847]  : Running 2 of 2 actions: PreInitHook...
[2019-10-31T08:15:11.850Z] INFO  [2847]  : Running AddonsAfter for command CMD-PreInit...
[2019-10-31T08:15:11.850Z] INFO  [2847]  : Command CMD-PreInit succeeded!
[2019-10-31T08:15:11.850Z] INFO  [2847]  : Command processor returning results: 
{"status":"SUCCESS","api_version":"1.0","results":[{"status":"SUCCESS","msg":"","returncode":0,"events":[]}]}
******************* End of taillog *******************


[2019-10-31T08:15:12.502Z] Tailing /var/log/eb-activity.log

******************* eb-activity taillog *******************
  
  Installed:
    awslogs.noarch 0:1.1.4-1.12.amzn1                                             
  
  Dependency Installed:
    aws-cli-plugin-cloudwatch-logs.noarch 0:1.4.4-1.16.amzn1                      
  
  Complete!
  + cat
  ++ sed 's/.$//'
  ++ curl 169.254.169.254/latest/meta-data/placement/availability-zone
    % Total    % Received % Xferd  Average Speed   Time    Time     Time  Current
                                   Dload  Upload   Total   Spent    Left  Speed
    0     0    0     0    0     0      0      0 --:--:-- --:--:-- --:--:--     0100    10  100    10    0     0  10000      0 --:--:-- --:--:-- --:--:-- 10000
  + region=us-east-1
  + sed -i -e 's/region = .*/region = us-east-1/g' /etc/awslogs/awscli.conf
  + /opt/elasticbeanstalk/bin/log-conf -n awslogs -l/var/log/awslogs.log
[2019-10-31T08:15:10.553Z] INFO  [2847]  - [Initialization/AddonsBefore/InstallCWLAgent] : Completed activity. Result:
  Successfully execute hooks in directory /opt/elasticbeanstalk/addons/logstreaming/hooks/install.
[2019-10-31T08:15:10.553Z] INFO  [2847]  - [Initialization/AddonsBefore] : Completed activity.
[2019-10-31T08:15:10.553Z] INFO  [2847]  - [Initialization/PreInitStage0] : Starting activity...
[2019-10-31T08:15:10.553Z] INFO  [2847]  - [Initialization/PreInitStage0/DownloadSourceBundle] : Starting activity...
[2019-10-31T08:15:11.456Z] INFO  [2847]  - [Initialization/PreInitStage0/DownloadSourceBundle] : Completed activity. Result:
  [2019-10-31T08:15:10.661Z] INFO  [2914]  : Application version will be saved to /opt/elasticbeanstalk/deploy/appsource.
  [2019-10-31T08:15:10.661Z] INFO  [2914]  : Using manifest cache with deployment ID 1 and serial 1.
  [2019-10-31T08:15:10.661Z] INFO  [2914]  : Attempting to download application source bundle to: '/opt/elasticbeanstalk/deploy/appsource/source_bundle'.
  [2019-10-31T08:15:10.661Z] INFO  [2914]  : Using computed s3 key.
  [2019-10-31T08:15:10.785Z] INFO  [2914]  : Downloading from bucket 'elasticbeanstalk-us-east-1-745453658083' with key 'resources/environments/e-8wmampmxnf/_runtime/_versions/lab4/lab4-source' and version '' to '/opt/elasticbeanstalk/deploy/appsource/source_bundle'.
  [2019-10-31T08:15:10.858Z] INFO  [2914]  : Size: 42647029, ETag: "e84496c7516715be5202fe5387d7e422", Metadata: {"environmentid"=>"e-8wmampmxnf", "requestid"=>"60ccf7df-90f5-41a7-971e-954d8f5c6bc1"}.
  [2019-10-31T08:15:11.438Z] INFO  [2914]  : Downloaded size: 42647029.
  [2019-10-31T08:15:11.438Z] INFO  [2914]  : Successfully downloaded to '/opt/elasticbeanstalk/deploy/appsource/source_bundle'.
[2019-10-31T08:15:11.456Z] INFO  [2847]  - [Initialization/PreInitStage0/PreInitHook] : Starting activity...
[2019-10-31T08:15:11.456Z] INFO  [2847]  - [Initialization/PreInitStage0/PreInitHook/01_install_dependencies.sh] : Starting activity...
[2019-10-31T08:15:11.552Z] INFO  [2847]  - [Initialization/PreInitStage0/PreInitHook/01_install_dependencies.sh] : Completed activity.
[2019-10-31T08:15:11.552Z] INFO  [2847]  - [Initialization/PreInitStage0/PreInitHook/01_install_procfile.sh] : Starting activity...
[2019-10-31T08:15:11.643Z] INFO  [2847]  - [Initialization/PreInitStage0/PreInitHook/01_install_procfile.sh] : Completed activity.
[2019-10-31T08:15:11.644Z] INFO  [2847]  - [Initialization/PreInitStage0/PreInitHook/01_install_proxy.sh] : Starting activity...
[2019-10-31T08:15:11.735Z] INFO  [2847]  - [Initialization/PreInitStage0/PreInitHook/01_install_proxy.sh] : Completed activity.
[2019-10-31T08:15:11.735Z] INFO  [2847]  - [Initialization/PreInitStage0/PreInitHook/01_install_xray_daemon.sh] : Starting activity...
[2019-10-31T08:15:11.849Z] INFO  [2847]  - [Initialization/PreInitStage0/PreInitHook/01_install_xray_daemon.sh] : Completed activity. Result:
  Executing: /bin/chown -R xray:xray /var/log/xray
  
[2019-10-31T08:15:11.850Z] INFO  [2847]  - [Initialization/PreInitStage0/PreInitHook] : Completed activity. Result:
  Successfully execute hooks in directory /opt/elasticbeanstalk/hooks/preinit.
[2019-10-31T08:15:11.850Z] INFO  [2847]  - [Initialization/PreInitStage0] : Completed activity. Result:
  Initialization - Command CMD-PreInit stage 0 completed
[2019-10-31T08:15:11.850Z] INFO  [2847]  - [Initialization/AddonsAfter] : Starting activity...
[2019-10-31T08:15:11.850Z] INFO  [2847]  - [Initialization/AddonsAfter] : Completed activity.
[2019-10-31T08:15:11.850Z] INFO  [2847]  - [Initialization] : Completed activity. Result:
  Initialization - Command CMD-PreInit succeeded
******************* End of taillog *******************


[2019-10-31T08:15:12.505Z] Tailing /var/log/eb-tools.log

******************* eb-tools taillog *******************
***eb-tools is not available yet.***
******************* End of taillog *******************


[2019-10-31T08:15:12.517Z] Tailing /var/log/eb-version-deployment.log

******************* eb-version-deployment taillog *******************
***eb-version-deployment is not available yet.***
******************* End of taillog *******************


[2019-10-31T08:15:12.519Z] Tailing /var/log/cfn-init.log

******************* cfn-init taillog *******************
2019-10-31 08:15:06,514 [INFO] -----------------------Starting build-----------------------
2019-10-31 08:15:06,521 [INFO] Running configSets: _OnInstanceBoot
2019-10-31 08:15:06,524 [INFO] Running configSet _OnInstanceBoot
2019-10-31 08:15:06,529 [INFO] Running config AWSEBBaseConfig
2019-10-31 08:15:06,534 [INFO] Command clearbackupfiles succeeded
2019-10-31 08:15:06,540 [INFO] Running config AWSEBMessageOfTheDay
2019-10-31 08:15:06,545 [INFO] Command 01clearoriginal succeeded
2019-10-31 08:15:06,549 [INFO] Command 02createbanner succeeded
2019-10-31 08:15:06,561 [INFO] Command 03updatebanner succeeded
2019-10-31 08:15:06,567 [INFO] Running config AWSEBULimitConfig
2019-10-31 08:15:06,571 [INFO] Command 00removebackup succeeded
2019-10-31 08:15:06,578 [INFO] Running config Infra-InstallContainerHooksPkg
2019-10-31 08:15:06,581 [INFO] Command 00mkdir succeeded
2019-10-31 08:15:06,622 [INFO] Command 01download_container_hooks succeeded
2019-10-31 08:15:06,630 [INFO] Command 02install_container_hooks succeeded
2019-10-31 08:15:06,633 [INFO] Command 03cleanup succeeded
2019-10-31 08:15:06,638 [INFO] Running config Infra-WriteLeaderTestScript
2019-10-31 08:15:06,643 [INFO] Running config Infra-WriteTailLogsConf
2019-10-31 08:15:06,648 [INFO] Running config Infra-WriteSystemTailLogsConf
2019-10-31 08:15:06,654 [INFO] Running config Infra-WriteBundleLogsConf
2019-10-31 08:15:06,659 [INFO] Running config Infra-WritePublishLogsConf
2019-10-31 08:15:06,662 [INFO] Running config Infra-WritePublishLogsCron
2019-10-31 08:15:06,664 [INFO] ConfigSets completed
2019-10-31 08:15:06,664 [INFO] -----------------------Build complete-----------------------
******************* End of taillog *******************


[2019-10-31T08:15:12.535Z] Tailing /var/log/cfn-hup.log

******************* cfn-hup taillog *******************
2019-10-31 08:15:07,969 [DEBUG] CloudFormation client initialized with endpoint https://cloudformation.us-east-1.amazonaws.com
2019-10-31 08:15:07,969 [DEBUG] SQS client initialized with endpoint https://queue.amazonaws.com
2019-10-31 08:15:07,969 [DEBUG] CloudFormation client initialized with endpoint https://cloudformation.us-east-1.amazonaws.com
2019-10-31 08:15:07,970 [DEBUG] Enabled single threading mode.
2019-10-31 08:15:07,970 [DEBUG] Creating /var/lib/cfn-hup/data
2019-10-31 08:15:07,978 [INFO] No umask value specified in config file. Using the default one: 022
2019-10-31 08:15:08,001 [DEBUG] Registering listener i-053ac00382fbeab6a for stack arn:aws:cloudformation:us-east-1:745453658083:stack/awseb-e-8wmampmxnf-stack/6833ac20-fbb5-11e9-aa8f-0a51b82e168a
2019-10-31 08:15:08,567 [INFO] Refreshing listener credentials
2019-10-31 08:15:08,568 [DEBUG] Get listener credentials for listener i-053ac00382fbeab6a in stack arn:aws:cloudformation:us-east-1:745453658083:stack/awseb-e-8wmampmxnf-stack/6833ac20-fbb5-11e9-aa8f-0a51b82e168a
2019-10-31 08:15:08,682 [INFO] Scheduling next credential refresh in 7200 seconds
2019-10-31 08:15:08,688 [DEBUG] Receiving messages for queue https://queue.amazonaws.com/668920780829/daca54197956e7b8ecb891a99f5b3d4f6e5744f6c4190371f3150a144c0bcfed
******************* End of taillog *******************


[2019-10-31T08:15:12.537Z] Completed EB Bootstrapping Script.
+ exit 0
31 Oct 08:15:15 ntpdate[2689]: adjust time server 209.51.161.238 offset 0.492758 sec
Starting ntpd: [  OK  ]
