Headers: "{'ver': '3.0', 'poolserial': '0', 'len': '77', 'server': 'supervisor', 'eventname': 'PROCESS_STATE_STARTING', 'serial': '0', 'pool': 'listener'}"
Body: "{'from_state': 'STOPPED', 'processname': 'supervisor_listener', 'tries': '0', 'groupname': 'listener'}"
Headers: "{'ver': '3.0', 'poolserial': '1', 'len': '78', 'server': 'supervisor', 'eventname': 'PROCESS_STATE_STARTING', 'serial': '1', 'pool': 'listener'}"
Body: "{'from_state': 'STOPPED', 'processname': 'application-web-1', 'tries': '0', 'groupname': 'application'}"
Headers: "{'ver': '3.0', 'poolserial': '2', 'len': '79', 'server': 'supervisor', 'eventname': 'PROCESS_STATE_RUNNING', 'serial': '2', 'pool': 'listener'}"
Body: "{'from_state': 'STARTING', 'processname': 'supervisor_listener', 'pid': '3264', 'groupname': 'listener'}"
Headers: "{'ver': '3.0', 'poolserial': '3', 'len': '80', 'server': 'supervisor', 'eventname': 'PROCESS_STATE_RUNNING', 'serial': '3', 'pool': 'listener'}"
Body: "{'from_state': 'STARTING', 'processname': 'application-web-1', 'pid': '3265', 'groupname': 'application'}"
Headers: "{'ver': '3.0', 'poolserial': '4', 'len': '80', 'server': 'supervisor', 'eventname': 'PROCESS_STATE_STOPPED', 'serial': '4', 'pool': 'listener'}"
Body: "{'from_state': 'STOPPING', 'processname': 'application-web-1', 'pid': '3265', 'groupname': 'application'}"
Headers: "{'ver': '3.0', 'poolserial': '0', 'len': '77', 'server': 'supervisor', 'eventname': 'PROCESS_STATE_STARTING', 'serial': '0', 'pool': 'listener'}"
Body: "{'from_state': 'STOPPED', 'processname': 'supervisor_listener', 'tries': '0', 'groupname': 'listener'}"
Headers: "{'ver': '3.0', 'poolserial': '1', 'len': '78', 'server': 'supervisor', 'eventname': 'PROCESS_STATE_STARTING', 'serial': '1', 'pool': 'listener'}"
Body: "{'from_state': 'STOPPED', 'processname': 'application-web-1', 'tries': '0', 'groupname': 'application'}"
Headers: "{'ver': '3.0', 'poolserial': '2', 'len': '79', 'server': 'supervisor', 'eventname': 'PROCESS_STATE_RUNNING', 'serial': '2', 'pool': 'listener'}"
Body: "{'from_state': 'STARTING', 'processname': 'supervisor_listener', 'pid': '3716', 'groupname': 'listener'}"
Headers: "{'ver': '3.0', 'poolserial': '3', 'len': '80', 'server': 'supervisor', 'eventname': 'PROCESS_STATE_RUNNING', 'serial': '3', 'pool': 'listener'}"
Body: "{'from_state': 'STARTING', 'processname': 'application-web-1', 'pid': '3717', 'groupname': 'application'}"
Headers: "{'ver': '3.0', 'poolserial': '4', 'len': '90', 'server': 'supervisor', 'eventname': 'PROCESS_STATE_EXITED', 'serial': '4', 'pool': 'listener'}"
Body: "{'from_state': 'RUNNING', 'processname': 'application-web-1', 'pid': '3717', 'expected': '0', 'groupname': 'application'}"
Headers: "{'ver': '3.0', 'poolserial': '5', 'len': '77', 'server': 'supervisor', 'eventname': 'PROCESS_STATE_STARTING', 'serial': '5', 'pool': 'listener'}"
Body: "{'from_state': 'EXITED', 'processname': 'application-web-1', 'tries': '0', 'groupname': 'application'}"
Headers: "{'ver': '3.0', 'poolserial': '6', 'len': '80', 'server': 'supervisor', 'eventname': 'PROCESS_STATE_RUNNING', 'serial': '6', 'pool': 'listener'}"
Body: "{'from_state': 'STARTING', 'processname': 'application-web-1', 'pid': '3774', 'groupname': 'application'}"
Headers: "{'ver': '3.0', 'poolserial': '7', 'len': '90', 'server': 'supervisor', 'eventname': 'PROCESS_STATE_EXITED', 'serial': '7', 'pool': 'listener'}"
Body: "{'from_state': 'RUNNING', 'processname': 'application-web-1', 'pid': '3774', 'expected': '0', 'groupname': 'application'}"
Headers: "{'ver': '3.0', 'poolserial': '8', 'len': '77', 'server': 'supervisor', 'eventname': 'PROCESS_STATE_STARTING', 'serial': '8', 'pool': 'listener'}"
Body: "{'from_state': 'EXITED', 'processname': 'application-web-1', 'tries': '0', 'groupname': 'application'}"
Headers: "{'ver': '3.0', 'poolserial': '9', 'len': '80', 'server': 'supervisor', 'eventname': 'PROCESS_STATE_RUNNING', 'serial': '9', 'pool': 'listener'}"
Body: "{'from_state': 'STARTING', 'processname': 'application-web-1', 'pid': '3815', 'groupname': 'application'}"
Headers: "{'ver': '3.0', 'poolserial': '10', 'len': '90', 'server': 'supervisor', 'eventname': 'PROCESS_STATE_EXITED', 'serial': '10', 'pool': 'listener'}"
Body: "{'from_state': 'RUNNING', 'processname': 'application-web-1', 'pid': '3815', 'expected': '0', 'groupname': 'application'}"
Headers: "{'ver': '3.0', 'poolserial': '11', 'len': '77', 'server': 'supervisor', 'eventname': 'PROCESS_STATE_STARTING', 'serial': '11', 'pool': 'listener'}"
Body: "{'from_state': 'EXITED', 'processname': 'application-web-1', 'tries': '0', 'groupname': 'application'}"
Headers: "{'ver': '3.0', 'poolserial': '12', 'len': '80', 'server': 'supervisor', 'eventname': 'PROCESS_STATE_RUNNING', 'serial': '12', 'pool': 'listener'}"
Body: "{'from_state': 'STARTING', 'processname': 'application-web-1', 'pid': '3847', 'groupname': 'application'}"
Headers: "{'ver': '3.0', 'poolserial': '13', 'len': '90', 'server': 'supervisor', 'eventname': 'PROCESS_STATE_EXITED', 'serial': '13', 'pool': 'listener'}"
Body: "{'from_state': 'RUNNING', 'processname': 'application-web-1', 'pid': '3847', 'expected': '0', 'groupname': 'application'}"
Headers: "{'ver': '3.0', 'poolserial': '14', 'len': '77', 'server': 'supervisor', 'eventname': 'PROCESS_STATE_STARTING', 'serial': '14', 'pool': 'listener'}"
Body: "{'from_state': 'EXITED', 'processname': 'application-web-1', 'tries': '0', 'groupname': 'application'}"
Headers: "{'ver': '3.0', 'poolserial': '15', 'len': '80', 'server': 'supervisor', 'eventname': 'PROCESS_STATE_RUNNING', 'serial': '15', 'pool': 'listener'}"
Body: "{'from_state': 'STARTING', 'processname': 'application-web-1', 'pid': '3881', 'groupname': 'application'}"
Headers: "{'ver': '3.0', 'poolserial': '16', 'len': '90', 'server': 'supervisor', 'eventname': 'PROCESS_STATE_EXITED', 'serial': '16', 'pool': 'listener'}"
Body: "{'from_state': 'RUNNING', 'processname': 'application-web-1', 'pid': '3881', 'expected': '0', 'groupname': 'application'}"
Headers: "{'ver': '3.0', 'poolserial': '17', 'len': '77', 'server': 'supervisor', 'eventname': 'PROCESS_STATE_STARTING', 'serial': '17', 'pool': 'listener'}"
Body: "{'from_state': 'EXITED', 'processname': 'application-web-1', 'tries': '0', 'groupname': 'application'}"
Headers: "{'ver': '3.0', 'poolserial': '18', 'len': '80', 'server': 'supervisor', 'eventname': 'PROCESS_STATE_RUNNING', 'serial': '18', 'pool': 'listener'}"
Body: "{'from_state': 'STARTING', 'processname': 'application-web-1', 'pid': '3929', 'groupname': 'application'}"
Headers: "{'ver': '3.0', 'poolserial': '19', 'len': '90', 'server': 'supervisor', 'eventname': 'PROCESS_STATE_EXITED', 'serial': '19', 'pool': 'listener'}"
Body: "{'from_state': 'RUNNING', 'processname': 'application-web-1', 'pid': '3929', 'expected': '0', 'groupname': 'application'}"
Headers: "{'ver': '3.0', 'poolserial': '20', 'len': '77', 'server': 'supervisor', 'eventname': 'PROCESS_STATE_STARTING', 'serial': '20', 'pool': 'listener'}"
Body: "{'from_state': 'EXITED', 'processname': 'application-web-1', 'tries': '0', 'groupname': 'application'}"
Headers: "{'ver': '3.0', 'poolserial': '21', 'len': '80', 'server': 'supervisor', 'eventname': 'PROCESS_STATE_RUNNING', 'serial': '21', 'pool': 'listener'}"
Body: "{'from_state': 'STARTING', 'processname': 'application-web-1', 'pid': '3963', 'groupname': 'application'}"
Headers: "{'ver': '3.0', 'poolserial': '22', 'len': '90', 'server': 'supervisor', 'eventname': 'PROCESS_STATE_EXITED', 'serial': '22', 'pool': 'listener'}"
Body: "{'from_state': 'RUNNING', 'processname': 'application-web-1', 'pid': '3963', 'expected': '0', 'groupname': 'application'}"
Headers: "{'ver': '3.0', 'poolserial': '23', 'len': '77', 'server': 'supervisor', 'eventname': 'PROCESS_STATE_STARTING', 'serial': '23', 'pool': 'listener'}"
Body: "{'from_state': 'EXITED', 'processname': 'application-web-1', 'tries': '0', 'groupname': 'application'}"
Headers: "{'ver': '3.0', 'poolserial': '24', 'len': '80', 'server': 'supervisor', 'eventname': 'PROCESS_STATE_RUNNING', 'serial': '24', 'pool': 'listener'}"
Body: "{'from_state': 'STARTING', 'processname': 'application-web-1', 'pid': '3995', 'groupname': 'application'}"
Headers: "{'ver': '3.0', 'poolserial': '25', 'len': '90', 'server': 'supervisor', 'eventname': 'PROCESS_STATE_EXITED', 'serial': '25', 'pool': 'listener'}"
Body: "{'from_state': 'RUNNING', 'processname': 'application-web-1', 'pid': '3995', 'expected': '0', 'groupname': 'application'}"
Headers: "{'ver': '3.0', 'poolserial': '26', 'len': '77', 'server': 'supervisor', 'eventname': 'PROCESS_STATE_STARTING', 'serial': '26', 'pool': 'listener'}"
Body: "{'from_state': 'EXITED', 'processname': 'application-web-1', 'tries': '0', 'groupname': 'application'}"
Headers: "{'ver': '3.0', 'poolserial': '27', 'len': '80', 'server': 'supervisor', 'eventname': 'PROCESS_STATE_RUNNING', 'serial': '27', 'pool': 'listener'}"
Body: "{'from_state': 'STARTING', 'processname': 'application-web-1', 'pid': '4029', 'groupname': 'application'}"
Headers: "{'ver': '3.0', 'poolserial': '28', 'len': '90', 'server': 'supervisor', 'eventname': 'PROCESS_STATE_EXITED', 'serial': '28', 'pool': 'listener'}"
Body: "{'from_state': 'RUNNING', 'processname': 'application-web-1', 'pid': '4029', 'expected': '0', 'groupname': 'application'}"
Headers: "{'ver': '3.0', 'poolserial': '29', 'len': '77', 'server': 'supervisor', 'eventname': 'PROCESS_STATE_STARTING', 'serial': '29', 'pool': 'listener'}"
Body: "{'from_state': 'EXITED', 'processname': 'application-web-1', 'tries': '0', 'groupname': 'application'}"
Headers: "{'ver': '3.0', 'poolserial': '30', 'len': '80', 'server': 'supervisor', 'eventname': 'PROCESS_STATE_RUNNING', 'serial': '30', 'pool': 'listener'}"
Body: "{'from_state': 'STARTING', 'processname': 'application-web-1', 'pid': '4061', 'groupname': 'application'}"
Headers: "{'ver': '3.0', 'poolserial': '31', 'len': '90', 'server': 'supervisor', 'eventname': 'PROCESS_STATE_EXITED', 'serial': '31', 'pool': 'listener'}"
Body: "{'from_state': 'RUNNING', 'processname': 'application-web-1', 'pid': '4061', 'expected': '0', 'groupname': 'application'}"
Headers: "{'ver': '3.0', 'poolserial': '32', 'len': '77', 'server': 'supervisor', 'eventname': 'PROCESS_STATE_STARTING', 'serial': '32', 'pool': 'listener'}"
Body: "{'from_state': 'EXITED', 'processname': 'application-web-1', 'tries': '0', 'groupname': 'application'}"
Headers: "{'ver': '3.0', 'poolserial': '33', 'len': '80', 'server': 'supervisor', 'eventname': 'PROCESS_STATE_RUNNING', 'serial': '33', 'pool': 'listener'}"
Body: "{'from_state': 'STARTING', 'processname': 'application-web-1', 'pid': '4111', 'groupname': 'application'}"
Headers: "{'ver': '3.0', 'poolserial': '34', 'len': '90', 'server': 'supervisor', 'eventname': 'PROCESS_STATE_EXITED', 'serial': '34', 'pool': 'listener'}"
Body: "{'from_state': 'RUNNING', 'processname': 'application-web-1', 'pid': '4111', 'expected': '0', 'groupname': 'application'}"
Headers: "{'ver': '3.0', 'poolserial': '35', 'len': '77', 'server': 'supervisor', 'eventname': 'PROCESS_STATE_STARTING', 'serial': '35', 'pool': 'listener'}"
Body: "{'from_state': 'EXITED', 'processname': 'application-web-1', 'tries': '0', 'groupname': 'application'}"
Headers: "{'ver': '3.0', 'poolserial': '36', 'len': '80', 'server': 'supervisor', 'eventname': 'PROCESS_STATE_RUNNING', 'serial': '36', 'pool': 'listener'}"
Body: "{'from_state': 'STARTING', 'processname': 'application-web-1', 'pid': '4146', 'groupname': 'application'}"
Headers: "{'ver': '3.0', 'poolserial': '37', 'len': '90', 'server': 'supervisor', 'eventname': 'PROCESS_STATE_EXITED', 'serial': '37', 'pool': 'listener'}"
Body: "{'from_state': 'RUNNING', 'processname': 'application-web-1', 'pid': '4146', 'expected': '0', 'groupname': 'application'}"
Headers: "{'ver': '3.0', 'poolserial': '38', 'len': '77', 'server': 'supervisor', 'eventname': 'PROCESS_STATE_STARTING', 'serial': '38', 'pool': 'listener'}"
Body: "{'from_state': 'EXITED', 'processname': 'application-web-1', 'tries': '0', 'groupname': 'application'}"
Headers: "{'ver': '3.0', 'poolserial': '39', 'len': '80', 'server': 'supervisor', 'eventname': 'PROCESS_STATE_RUNNING', 'serial': '39', 'pool': 'listener'}"
Body: "{'from_state': 'STARTING', 'processname': 'application-web-1', 'pid': '4178', 'groupname': 'application'}"
Headers: "{'ver': '3.0', 'poolserial': '40', 'len': '90', 'server': 'supervisor', 'eventname': 'PROCESS_STATE_EXITED', 'serial': '40', 'pool': 'listener'}"
Body: "{'from_state': 'RUNNING', 'processname': 'application-web-1', 'pid': '4178', 'expected': '0', 'groupname': 'application'}"
Headers: "{'ver': '3.0', 'poolserial': '41', 'len': '77', 'server': 'supervisor', 'eventname': 'PROCESS_STATE_STARTING', 'serial': '41', 'pool': 'listener'}"
Body: "{'from_state': 'EXITED', 'processname': 'application-web-1', 'tries': '0', 'groupname': 'application'}"
Headers: "{'ver': '3.0', 'poolserial': '42', 'len': '80', 'server': 'supervisor', 'eventname': 'PROCESS_STATE_RUNNING', 'serial': '42', 'pool': 'listener'}"
Body: "{'from_state': 'STARTING', 'processname': 'application-web-1', 'pid': '4212', 'groupname': 'application'}"
Headers: "{'ver': '3.0', 'poolserial': '43', 'len': '90', 'server': 'supervisor', 'eventname': 'PROCESS_STATE_EXITED', 'serial': '43', 'pool': 'listener'}"
Body: "{'from_state': 'RUNNING', 'processname': 'application-web-1', 'pid': '4212', 'expected': '0', 'groupname': 'application'}"
Headers: "{'ver': '3.0', 'poolserial': '44', 'len': '77', 'server': 'supervisor', 'eventname': 'PROCESS_STATE_STARTING', 'serial': '44', 'pool': 'listener'}"
Body: "{'from_state': 'EXITED', 'processname': 'application-web-1', 'tries': '0', 'groupname': 'application'}"
Headers: "{'ver': '3.0', 'poolserial': '45', 'len': '80', 'server': 'supervisor', 'eventname': 'PROCESS_STATE_RUNNING', 'serial': '45', 'pool': 'listener'}"
Body: "{'from_state': 'STARTING', 'processname': 'application-web-1', 'pid': '4244', 'groupname': 'application'}"
Headers: "{'ver': '3.0', 'poolserial': '46', 'len': '90', 'server': 'supervisor', 'eventname': 'PROCESS_STATE_EXITED', 'serial': '46', 'pool': 'listener'}"
Body: "{'from_state': 'RUNNING', 'processname': 'application-web-1', 'pid': '4244', 'expected': '0', 'groupname': 'application'}"
Headers: "{'ver': '3.0', 'poolserial': '47', 'len': '77', 'server': 'supervisor', 'eventname': 'PROCESS_STATE_STARTING', 'serial': '47', 'pool': 'listener'}"
Body: "{'from_state': 'EXITED', 'processname': 'application-web-1', 'tries': '0', 'groupname': 'application'}"
Headers: "{'ver': '3.0', 'poolserial': '48', 'len': '80', 'server': 'supervisor', 'eventname': 'PROCESS_STATE_RUNNING', 'serial': '48', 'pool': 'listener'}"
Body: "{'from_state': 'STARTING', 'processname': 'application-web-1', 'pid': '4294', 'groupname': 'application'}"
Headers: "{'ver': '3.0', 'poolserial': '49', 'len': '90', 'server': 'supervisor', 'eventname': 'PROCESS_STATE_EXITED', 'serial': '49', 'pool': 'listener'}"
Body: "{'from_state': 'RUNNING', 'processname': 'application-web-1', 'pid': '4294', 'expected': '0', 'groupname': 'application'}"
Headers: "{'ver': '3.0', 'poolserial': '50', 'len': '77', 'server': 'supervisor', 'eventname': 'PROCESS_STATE_STARTING', 'serial': '50', 'pool': 'listener'}"
Body: "{'from_state': 'EXITED', 'processname': 'application-web-1', 'tries': '0', 'groupname': 'application'}"
Headers: "{'ver': '3.0', 'poolserial': '51', 'len': '80', 'server': 'supervisor', 'eventname': 'PROCESS_STATE_RUNNING', 'serial': '51', 'pool': 'listener'}"
Body: "{'from_state': 'STARTING', 'processname': 'application-web-1', 'pid': '4326', 'groupname': 'application'}"
Headers: "{'ver': '3.0', 'poolserial': '52', 'len': '90', 'server': 'supervisor', 'eventname': 'PROCESS_STATE_EXITED', 'serial': '52', 'pool': 'listener'}"
Body: "{'from_state': 'RUNNING', 'processname': 'application-web-1', 'pid': '4326', 'expected': '0', 'groupname': 'application'}"
Headers: "{'ver': '3.0', 'poolserial': '53', 'len': '77', 'server': 'supervisor', 'eventname': 'PROCESS_STATE_STARTING', 'serial': '53', 'pool': 'listener'}"
Body: "{'from_state': 'EXITED', 'processname': 'application-web-1', 'tries': '0', 'groupname': 'application'}"
Headers: "{'ver': '3.0', 'poolserial': '54', 'len': '80', 'server': 'supervisor', 'eventname': 'PROCESS_STATE_RUNNING', 'serial': '54', 'pool': 'listener'}"
Body: "{'from_state': 'STARTING', 'processname': 'application-web-1', 'pid': '4360', 'groupname': 'application'}"
Headers: "{'ver': '3.0', 'poolserial': '55', 'len': '90', 'server': 'supervisor', 'eventname': 'PROCESS_STATE_EXITED', 'serial': '55', 'pool': 'listener'}"
Body: "{'from_state': 'RUNNING', 'processname': 'application-web-1', 'pid': '4360', 'expected': '0', 'groupname': 'application'}"
Headers: "{'ver': '3.0', 'poolserial': '56', 'len': '77', 'server': 'supervisor', 'eventname': 'PROCESS_STATE_STARTING', 'serial': '56', 'pool': 'listener'}"
Body: "{'from_state': 'EXITED', 'processname': 'application-web-1', 'tries': '0', 'groupname': 'application'}"
Headers: "{'ver': '3.0', 'poolserial': '57', 'len': '80', 'server': 'supervisor', 'eventname': 'PROCESS_STATE_RUNNING', 'serial': '57', 'pool': 'listener'}"
Body: "{'from_state': 'STARTING', 'processname': 'application-web-1', 'pid': '4392', 'groupname': 'application'}"
Headers: "{'ver': '3.0', 'poolserial': '58', 'len': '90', 'server': 'supervisor', 'eventname': 'PROCESS_STATE_EXITED', 'serial': '58', 'pool': 'listener'}"
Body: "{'from_state': 'RUNNING', 'processname': 'application-web-1', 'pid': '4392', 'expected': '0', 'groupname': 'application'}"
Headers: "{'ver': '3.0', 'poolserial': '59', 'len': '77', 'server': 'supervisor', 'eventname': 'PROCESS_STATE_STARTING', 'serial': '59', 'pool': 'listener'}"
Body: "{'from_state': 'EXITED', 'processname': 'application-web-1', 'tries': '0', 'groupname': 'application'}"
Headers: "{'ver': '3.0', 'poolserial': '60', 'len': '80', 'server': 'supervisor', 'eventname': 'PROCESS_STATE_RUNNING', 'serial': '60', 'pool': 'listener'}"
Body: "{'from_state': 'STARTING', 'processname': 'application-web-1', 'pid': '4427', 'groupname': 'application'}"
Headers: "{'ver': '3.0', 'poolserial': '61', 'len': '90', 'server': 'supervisor', 'eventname': 'PROCESS_STATE_EXITED', 'serial': '61', 'pool': 'listener'}"
Body: "{'from_state': 'RUNNING', 'processname': 'application-web-1', 'pid': '4427', 'expected': '0', 'groupname': 'application'}"
Headers: "{'ver': '3.0', 'poolserial': '62', 'len': '77', 'server': 'supervisor', 'eventname': 'PROCESS_STATE_STARTING', 'serial': '62', 'pool': 'listener'}"
Body: "{'from_state': 'EXITED', 'processname': 'application-web-1', 'tries': '0', 'groupname': 'application'}"
Headers: "{'ver': '3.0', 'poolserial': '63', 'len': '80', 'server': 'supervisor', 'eventname': 'PROCESS_STATE_RUNNING', 'serial': '63', 'pool': 'listener'}"
Body: "{'from_state': 'STARTING', 'processname': 'application-web-1', 'pid': '4461', 'groupname': 'application'}"
Headers: "{'ver': '3.0', 'poolserial': '64', 'len': '90', 'server': 'supervisor', 'eventname': 'PROCESS_STATE_EXITED', 'serial': '64', 'pool': 'listener'}"
Body: "{'from_state': 'RUNNING', 'processname': 'application-web-1', 'pid': '4461', 'expected': '0', 'groupname': 'application'}"
Headers: "{'ver': '3.0', 'poolserial': '65', 'len': '77', 'server': 'supervisor', 'eventname': 'PROCESS_STATE_STARTING', 'serial': '65', 'pool': 'listener'}"
Body: "{'from_state': 'EXITED', 'processname': 'application-web-1', 'tries': '0', 'groupname': 'application'}"
Headers: "{'ver': '3.0', 'poolserial': '66', 'len': '80', 'server': 'supervisor', 'eventname': 'PROCESS_STATE_RUNNING', 'serial': '66', 'pool': 'listener'}"
Body: "{'from_state': 'STARTING', 'processname': 'application-web-1', 'pid': '4512', 'groupname': 'application'}"
Headers: "{'ver': '3.0', 'poolserial': '67', 'len': '90', 'server': 'supervisor', 'eventname': 'PROCESS_STATE_EXITED', 'serial': '67', 'pool': 'listener'}"
Body: "{'from_state': 'RUNNING', 'processname': 'application-web-1', 'pid': '4512', 'expected': '0', 'groupname': 'application'}"
Headers: "{'ver': '3.0', 'poolserial': '68', 'len': '77', 'server': 'supervisor', 'eventname': 'PROCESS_STATE_STARTING', 'serial': '68', 'pool': 'listener'}"
Body: "{'from_state': 'EXITED', 'processname': 'application-web-1', 'tries': '0', 'groupname': 'application'}"
Headers: "{'ver': '3.0', 'poolserial': '69', 'len': '80', 'server': 'supervisor', 'eventname': 'PROCESS_STATE_RUNNING', 'serial': '69', 'pool': 'listener'}"
Body: "{'from_state': 'STARTING', 'processname': 'application-web-1', 'pid': '4546', 'groupname': 'application'}"
Headers: "{'ver': '3.0', 'poolserial': '70', 'len': '90', 'server': 'supervisor', 'eventname': 'PROCESS_STATE_EXITED', 'serial': '70', 'pool': 'listener'}"
Body: "{'from_state': 'RUNNING', 'processname': 'application-web-1', 'pid': '4546', 'expected': '0', 'groupname': 'application'}"
Headers: "{'ver': '3.0', 'poolserial': '71', 'len': '77', 'server': 'supervisor', 'eventname': 'PROCESS_STATE_STARTING', 'serial': '71', 'pool': 'listener'}"
Body: "{'from_state': 'EXITED', 'processname': 'application-web-1', 'tries': '0', 'groupname': 'application'}"
Headers: "{'ver': '3.0', 'poolserial': '72', 'len': '80', 'server': 'supervisor', 'eventname': 'PROCESS_STATE_RUNNING', 'serial': '72', 'pool': 'listener'}"
Body: "{'from_state': 'STARTING', 'processname': 'application-web-1', 'pid': '4578', 'groupname': 'application'}"
Headers: "{'ver': '3.0', 'poolserial': '73', 'len': '90', 'server': 'supervisor', 'eventname': 'PROCESS_STATE_EXITED', 'serial': '73', 'pool': 'listener'}"
Body: "{'from_state': 'RUNNING', 'processname': 'application-web-1', 'pid': '4578', 'expected': '0', 'groupname': 'application'}"
Headers: "{'ver': '3.0', 'poolserial': '74', 'len': '77', 'server': 'supervisor', 'eventname': 'PROCESS_STATE_STARTING', 'serial': '74', 'pool': 'listener'}"
Body: "{'from_state': 'EXITED', 'processname': 'application-web-1', 'tries': '0', 'groupname': 'application'}"
Headers: "{'ver': '3.0', 'poolserial': '75', 'len': '80', 'server': 'supervisor', 'eventname': 'PROCESS_STATE_RUNNING', 'serial': '75', 'pool': 'listener'}"
Body: "{'from_state': 'STARTING', 'processname': 'application-web-1', 'pid': '4612', 'groupname': 'application'}"
Headers: "{'ver': '3.0', 'poolserial': '76', 'len': '90', 'server': 'supervisor', 'eventname': 'PROCESS_STATE_EXITED', 'serial': '76', 'pool': 'listener'}"
Body: "{'from_state': 'RUNNING', 'processname': 'application-web-1', 'pid': '4612', 'expected': '0', 'groupname': 'application'}"
Headers: "{'ver': '3.0', 'poolserial': '77', 'len': '77', 'server': 'supervisor', 'eventname': 'PROCESS_STATE_STARTING', 'serial': '77', 'pool': 'listener'}"
Body: "{'from_state': 'EXITED', 'processname': 'application-web-1', 'tries': '0', 'groupname': 'application'}"
Headers: "{'ver': '3.0', 'poolserial': '78', 'len': '80', 'server': 'supervisor', 'eventname': 'PROCESS_STATE_RUNNING', 'serial': '78', 'pool': 'listener'}"
Body: "{'from_state': 'STARTING', 'processname': 'application-web-1', 'pid': '4644', 'groupname': 'application'}"
Headers: "{'ver': '3.0', 'poolserial': '79', 'len': '90', 'server': 'supervisor', 'eventname': 'PROCESS_STATE_EXITED', 'serial': '79', 'pool': 'listener'}"
Body: "{'from_state': 'RUNNING', 'processname': 'application-web-1', 'pid': '4644', 'expected': '0', 'groupname': 'application'}"
Headers: "{'ver': '3.0', 'poolserial': '80', 'len': '77', 'server': 'supervisor', 'eventname': 'PROCESS_STATE_STARTING', 'serial': '80', 'pool': 'listener'}"
Body: "{'from_state': 'EXITED', 'processname': 'application-web-1', 'tries': '0', 'groupname': 'application'}"
Headers: "{'ver': '3.0', 'poolserial': '81', 'len': '80', 'server': 'supervisor', 'eventname': 'PROCESS_STATE_RUNNING', 'serial': '81', 'pool': 'listener'}"
Body: "{'from_state': 'STARTING', 'processname': 'application-web-1', 'pid': '4694', 'groupname': 'application'}"
Headers: "{'ver': '3.0', 'poolserial': '82', 'len': '90', 'server': 'supervisor', 'eventname': 'PROCESS_STATE_EXITED', 'serial': '82', 'pool': 'listener'}"
Body: "{'from_state': 'RUNNING', 'processname': 'application-web-1', 'pid': '4694', 'expected': '0', 'groupname': 'application'}"
Headers: "{'ver': '3.0', 'poolserial': '83', 'len': '77', 'server': 'supervisor', 'eventname': 'PROCESS_STATE_STARTING', 'serial': '83', 'pool': 'listener'}"
Body: "{'from_state': 'EXITED', 'processname': 'application-web-1', 'tries': '0', 'groupname': 'application'}"
Headers: "{'ver': '3.0', 'poolserial': '84', 'len': '80', 'server': 'supervisor', 'eventname': 'PROCESS_STATE_RUNNING', 'serial': '84', 'pool': 'listener'}"
Body: "{'from_state': 'STARTING', 'processname': 'application-web-1', 'pid': '4727', 'groupname': 'application'}"
Headers: "{'ver': '3.0', 'poolserial': '85', 'len': '90', 'server': 'supervisor', 'eventname': 'PROCESS_STATE_EXITED', 'serial': '85', 'pool': 'listener'}"
Body: "{'from_state': 'RUNNING', 'processname': 'application-web-1', 'pid': '4727', 'expected': '0', 'groupname': 'application'}"
Headers: "{'ver': '3.0', 'poolserial': '86', 'len': '77', 'server': 'supervisor', 'eventname': 'PROCESS_STATE_STARTING', 'serial': '86', 'pool': 'listener'}"
Body: "{'from_state': 'EXITED', 'processname': 'application-web-1', 'tries': '0', 'groupname': 'application'}"
Headers: "{'ver': '3.0', 'poolserial': '87', 'len': '80', 'server': 'supervisor', 'eventname': 'PROCESS_STATE_RUNNING', 'serial': '87', 'pool': 'listener'}"
Body: "{'from_state': 'STARTING', 'processname': 'application-web-1', 'pid': '4761', 'groupname': 'application'}"
Headers: "{'ver': '3.0', 'poolserial': '88', 'len': '90', 'server': 'supervisor', 'eventname': 'PROCESS_STATE_EXITED', 'serial': '88', 'pool': 'listener'}"
Body: "{'from_state': 'RUNNING', 'processname': 'application-web-1', 'pid': '4761', 'expected': '0', 'groupname': 'application'}"
Headers: "{'ver': '3.0', 'poolserial': '89', 'len': '77', 'server': 'supervisor', 'eventname': 'PROCESS_STATE_STARTING', 'serial': '89', 'pool': 'listener'}"
Body: "{'from_state': 'EXITED', 'processname': 'application-web-1', 'tries': '0', 'groupname': 'application'}"
Headers: "{'ver': '3.0', 'poolserial': '90', 'len': '80', 'server': 'supervisor', 'eventname': 'PROCESS_STATE_RUNNING', 'serial': '90', 'pool': 'listener'}"
Body: "{'from_state': 'STARTING', 'processname': 'application-web-1', 'pid': '4797', 'groupname': 'application'}"
Headers: "{'ver': '3.0', 'poolserial': '91', 'len': '90', 'server': 'supervisor', 'eventname': 'PROCESS_STATE_EXITED', 'serial': '91', 'pool': 'listener'}"
Body: "{'from_state': 'RUNNING', 'processname': 'application-web-1', 'pid': '4797', 'expected': '0', 'groupname': 'application'}"
Headers: "{'ver': '3.0', 'poolserial': '92', 'len': '77', 'server': 'supervisor', 'eventname': 'PROCESS_STATE_STARTING', 'serial': '92', 'pool': 'listener'}"
Body: "{'from_state': 'EXITED', 'processname': 'application-web-1', 'tries': '0', 'groupname': 'application'}"
Headers: "{'ver': '3.0', 'poolserial': '93', 'len': '80', 'server': 'supervisor', 'eventname': 'PROCESS_STATE_RUNNING', 'serial': '93', 'pool': 'listener'}"
Body: "{'from_state': 'STARTING', 'processname': 'application-web-1', 'pid': '4829', 'groupname': 'application'}"
Headers: "{'ver': '3.0', 'poolserial': '94', 'len': '90', 'server': 'supervisor', 'eventname': 'PROCESS_STATE_EXITED', 'serial': '94', 'pool': 'listener'}"
Body: "{'from_state': 'RUNNING', 'processname': 'application-web-1', 'pid': '4829', 'expected': '0', 'groupname': 'application'}"
Headers: "{'ver': '3.0', 'poolserial': '95', 'len': '77', 'server': 'supervisor', 'eventname': 'PROCESS_STATE_STARTING', 'serial': '95', 'pool': 'listener'}"
Body: "{'from_state': 'EXITED', 'processname': 'application-web-1', 'tries': '0', 'groupname': 'application'}"
Headers: "{'ver': '3.0', 'poolserial': '96', 'len': '80', 'server': 'supervisor', 'eventname': 'PROCESS_STATE_RUNNING', 'serial': '96', 'pool': 'listener'}"
Body: "{'from_state': 'STARTING', 'processname': 'application-web-1', 'pid': '4879', 'groupname': 'application'}"
Headers: "{'ver': '3.0', 'poolserial': '97', 'len': '90', 'server': 'supervisor', 'eventname': 'PROCESS_STATE_EXITED', 'serial': '97', 'pool': 'listener'}"
Body: "{'from_state': 'RUNNING', 'processname': 'application-web-1', 'pid': '4879', 'expected': '0', 'groupname': 'application'}"
Headers: "{'ver': '3.0', 'poolserial': '98', 'len': '77', 'server': 'supervisor', 'eventname': 'PROCESS_STATE_STARTING', 'serial': '98', 'pool': 'listener'}"
Body: "{'from_state': 'EXITED', 'processname': 'application-web-1', 'tries': '0', 'groupname': 'application'}"
Headers: "{'ver': '3.0', 'poolserial': '99', 'len': '80', 'server': 'supervisor', 'eventname': 'PROCESS_STATE_RUNNING', 'serial': '99', 'pool': 'listener'}"
Body: "{'from_state': 'STARTING', 'processname': 'application-web-1', 'pid': '4911', 'groupname': 'application'}"
Headers: "{'ver': '3.0', 'poolserial': '100', 'len': '90', 'server': 'supervisor', 'eventname': 'PROCESS_STATE_EXITED', 'serial': '100', 'pool': 'listener'}"
Body: "{'from_state': 'RUNNING', 'processname': 'application-web-1', 'pid': '4911', 'expected': '0', 'groupname': 'application'}"
Headers: "{'ver': '3.0', 'poolserial': '101', 'len': '77', 'server': 'supervisor', 'eventname': 'PROCESS_STATE_STARTING', 'serial': '101', 'pool': 'listener'}"
Body: "{'from_state': 'EXITED', 'processname': 'application-web-1', 'tries': '0', 'groupname': 'application'}"
Headers: "{'ver': '3.0', 'poolserial': '102', 'len': '80', 'server': 'supervisor', 'eventname': 'PROCESS_STATE_RUNNING', 'serial': '102', 'pool': 'listener'}"
Body: "{'from_state': 'STARTING', 'processname': 'application-web-1', 'pid': '4945', 'groupname': 'application'}"
Headers: "{'ver': '3.0', 'poolserial': '103', 'len': '90', 'server': 'supervisor', 'eventname': 'PROCESS_STATE_EXITED', 'serial': '103', 'pool': 'listener'}"
Body: "{'from_state': 'RUNNING', 'processname': 'application-web-1', 'pid': '4945', 'expected': '0', 'groupname': 'application'}"
Headers: "{'ver': '3.0', 'poolserial': '104', 'len': '77', 'server': 'supervisor', 'eventname': 'PROCESS_STATE_STARTING', 'serial': '104', 'pool': 'listener'}"
Body: "{'from_state': 'EXITED', 'processname': 'application-web-1', 'tries': '0', 'groupname': 'application'}"
Headers: "{'ver': '3.0', 'poolserial': '105', 'len': '80', 'server': 'supervisor', 'eventname': 'PROCESS_STATE_RUNNING', 'serial': '105', 'pool': 'listener'}"
Body: "{'from_state': 'STARTING', 'processname': 'application-web-1', 'pid': '4977', 'groupname': 'application'}"
Headers: "{'ver': '3.0', 'poolserial': '106', 'len': '90', 'server': 'supervisor', 'eventname': 'PROCESS_STATE_EXITED', 'serial': '106', 'pool': 'listener'}"
Body: "{'from_state': 'RUNNING', 'processname': 'application-web-1', 'pid': '4977', 'expected': '0', 'groupname': 'application'}"
Headers: "{'ver': '3.0', 'poolserial': '107', 'len': '77', 'server': 'supervisor', 'eventname': 'PROCESS_STATE_STARTING', 'serial': '107', 'pool': 'listener'}"
Body: "{'from_state': 'EXITED', 'processname': 'application-web-1', 'tries': '0', 'groupname': 'application'}"
Headers: "{'ver': '3.0', 'poolserial': '108', 'len': '80', 'server': 'supervisor', 'eventname': 'PROCESS_STATE_RUNNING', 'serial': '108', 'pool': 'listener'}"
Body: "{'from_state': 'STARTING', 'processname': 'application-web-1', 'pid': '5012', 'groupname': 'application'}"
Headers: "{'ver': '3.0', 'poolserial': '109', 'len': '90', 'server': 'supervisor', 'eventname': 'PROCESS_STATE_EXITED', 'serial': '109', 'pool': 'listener'}"
Body: "{'from_state': 'RUNNING', 'processname': 'application-web-1', 'pid': '5012', 'expected': '0', 'groupname': 'application'}"
Headers: "{'ver': '3.0', 'poolserial': '110', 'len': '77', 'server': 'supervisor', 'eventname': 'PROCESS_STATE_STARTING', 'serial': '110', 'pool': 'listener'}"
Body: "{'from_state': 'EXITED', 'processname': 'application-web-1', 'tries': '0', 'groupname': 'application'}"
Headers: "{'ver': '3.0', 'poolserial': '111', 'len': '80', 'server': 'supervisor', 'eventname': 'PROCESS_STATE_RUNNING', 'serial': '111', 'pool': 'listener'}"
Body: "{'from_state': 'STARTING', 'processname': 'application-web-1', 'pid': '5044', 'groupname': 'application'}"
Headers: "{'ver': '3.0', 'poolserial': '112', 'len': '90', 'server': 'supervisor', 'eventname': 'PROCESS_STATE_EXITED', 'serial': '112', 'pool': 'listener'}"
Body: "{'from_state': 'RUNNING', 'processname': 'application-web-1', 'pid': '5044', 'expected': '0', 'groupname': 'application'}"
Headers: "{'ver': '3.0', 'poolserial': '113', 'len': '77', 'server': 'supervisor', 'eventname': 'PROCESS_STATE_STARTING', 'serial': '113', 'pool': 'listener'}"
Body: "{'from_state': 'EXITED', 'processname': 'application-web-1', 'tries': '0', 'groupname': 'application'}"
Headers: "{'ver': '3.0', 'poolserial': '114', 'len': '80', 'server': 'supervisor', 'eventname': 'PROCESS_STATE_STOPPED', 'serial': '114', 'pool': 'listener'}"
Body: "{'from_state': 'STOPPING', 'processname': 'application-web-1', 'pid': '5177', 'groupname': 'application'}"
Headers: "{'ver': '3.0', 'poolserial': '0', 'len': '77', 'server': 'supervisor', 'eventname': 'PROCESS_STATE_STARTING', 'serial': '0', 'pool': 'listener'}"
Body: "{'from_state': 'STOPPED', 'processname': 'supervisor_listener', 'tries': '0', 'groupname': 'listener'}"
Headers: "{'ver': '3.0', 'poolserial': '1', 'len': '78', 'server': 'supervisor', 'eventname': 'PROCESS_STATE_STARTING', 'serial': '1', 'pool': 'listener'}"
Body: "{'from_state': 'STOPPED', 'processname': 'application-web-1', 'tries': '0', 'groupname': 'application'}"
Headers: "{'ver': '3.0', 'poolserial': '2', 'len': '79', 'server': 'supervisor', 'eventname': 'PROCESS_STATE_RUNNING', 'serial': '2', 'pool': 'listener'}"
Body: "{'from_state': 'STARTING', 'processname': 'supervisor_listener', 'pid': '5326', 'groupname': 'listener'}"
Headers: "{'ver': '3.0', 'poolserial': '3', 'len': '80', 'server': 'supervisor', 'eventname': 'PROCESS_STATE_RUNNING', 'serial': '3', 'pool': 'listener'}"
Body: "{'from_state': 'STARTING', 'processname': 'application-web-1', 'pid': '5327', 'groupname': 'application'}"
Headers: "{'ver': '3.0', 'poolserial': '4', 'len': '80', 'server': 'supervisor', 'eventname': 'PROCESS_STATE_STOPPED', 'serial': '4', 'pool': 'listener'}"
Body: "{'from_state': 'STOPPING', 'processname': 'application-web-1', 'pid': '5327', 'groupname': 'application'}"
Headers: "{'ver': '3.0', 'poolserial': '0', 'len': '77', 'server': 'supervisor', 'eventname': 'PROCESS_STATE_STARTING', 'serial': '0', 'pool': 'listener'}"
Body: "{'from_state': 'STOPPED', 'processname': 'supervisor_listener', 'tries': '0', 'groupname': 'listener'}"
Headers: "{'ver': '3.0', 'poolserial': '1', 'len': '78', 'server': 'supervisor', 'eventname': 'PROCESS_STATE_STARTING', 'serial': '1', 'pool': 'listener'}"
Body: "{'from_state': 'STOPPED', 'processname': 'application-web-1', 'tries': '0', 'groupname': 'application'}"
Headers: "{'ver': '3.0', 'poolserial': '2', 'len': '79', 'server': 'supervisor', 'eventname': 'PROCESS_STATE_RUNNING', 'serial': '2', 'pool': 'listener'}"
Body: "{'from_state': 'STARTING', 'processname': 'supervisor_listener', 'pid': '6040', 'groupname': 'listener'}"
Headers: "{'ver': '3.0', 'poolserial': '3', 'len': '80', 'server': 'supervisor', 'eventname': 'PROCESS_STATE_RUNNING', 'serial': '3', 'pool': 'listener'}"
Body: "{'from_state': 'STARTING', 'processname': 'application-web-1', 'pid': '6041', 'groupname': 'application'}"
